{
  message: 'DB: DATABASE URL: mongodb://localhost:27017/invan_project',
  level: 'info',
  timestamp: '2021-06-10T06:54:16.338Z',
  label: 'invan',
  metadata: {}
}
{
  message: 'INDEX: Database connection initialized.',
  level: 'info',
  timestamp: '2021-06-10T06:54:16.363Z',
  label: 'invan',
  metadata: {}
}
{
  message: 'INDEX: Server is running on port: 3000',
  level: 'info',
  timestamp: '2021-06-10T06:54:16.367Z',
  label: 'invan',
  metadata: {}
}
{
  message: 'DB: mongo db connection is established',
  level: 'info',
  timestamp: '2021-06-10T06:54:16.415Z',
  label: 'invan',
  metadata: {}
}
{
  message: 'DB: DATABASE URL: mongodb://localhost:27017/invan_project',
  level: 'info',
  timestamp: '2021-06-10T07:00:19.440Z',
  label: 'invan',
  metadata: {}
}
{
  message: 'INDEX: Database connection initialized.',
  level: 'info',
  timestamp: '2021-06-10T07:00:19.470Z',
  label: 'invan',
  metadata: {}
}
{
  message: 'INDEX: Server is running on port: 3000',
  level: 'info',
  timestamp: '2021-06-10T07:00:19.473Z',
  label: 'invan',
  metadata: {}
}
{
  message: 'DB: mongo db connection is established',
  level: 'info',
  timestamp: '2021-06-10T07:00:19.508Z',
  label: 'invan',
  metadata: {}
}
{
  message: 'storage.sample.create: finished with error: ValidationError: phone_number: Cast to Number failed for value "NaN" (type number) at path "phone_number"',
  level: 'error',
  timestamp: '2021-06-10T07:00:25.758Z',
  label: 'invan',
  metadata: {}
}
{
  message: 'DB: DATABASE URL: mongodb://localhost:27017/invan_project',
  level: 'info',
  timestamp: '2021-06-10T07:01:49.234Z',
  label: 'invan',
  metadata: {}
}
{
  message: 'INDEX: Database connection initialized.',
  level: 'info',
  timestamp: '2021-06-10T07:01:49.264Z',
  label: 'invan',
  metadata: {}
}
{
  message: 'INDEX: Server is running on port: 3000',
  level: 'info',
  timestamp: '2021-06-10T07:01:49.266Z',
  label: 'invan',
  metadata: {}
}
{
  message: 'DB: mongo db connection is established',
  level: 'info',
  timestamp: '2021-06-10T07:01:49.331Z',
  label: 'invan',
  metadata: {}
}
{
  message: 'storage.sample.create: finished with error: ValidationError: phone_number: Cast to Number failed for value "NaN" (type number) at path "phone_number"',
  level: 'error',
  timestamp: '2021-06-10T07:06:01.941Z',
  label: 'invan',
  metadata: {}
}
{
  message: 'DB: DATABASE URL: mongodb://localhost:27017/invan_project',
  level: 'info',
  timestamp: '2021-06-10T07:07:31.734Z',
  label: 'invan',
  metadata: {}
}
{
  message: 'INDEX: Database connection initialized.',
  level: 'info',
  timestamp: '2021-06-10T07:07:31.761Z',
  label: 'invan',
  metadata: {}
}
{
  message: 'INDEX: Server is running on port: 3000',
  level: 'info',
  timestamp: '2021-06-10T07:07:31.763Z',
  label: 'invan',
  metadata: {}
}
{
  message: 'DB: mongo db connection is established',
  level: 'info',
  timestamp: '2021-06-10T07:07:31.813Z',
  label: 'invan',
  metadata: {}
}
{
  message: 'DB: DATABASE URL: mongodb://localhost:27017/invan_project',
  level: 'info',
  timestamp: '2021-06-10T07:09:15.116Z',
  label: 'invan',
  metadata: {}
}
{
  message: 'INDEX: Database connection initialized.',
  level: 'info',
  timestamp: '2021-06-10T07:09:15.149Z',
  label: 'invan',
  metadata: {}
}
{
  message: 'INDEX: Server is running on port: 3000',
  level: 'info',
  timestamp: '2021-06-10T07:09:15.152Z',
  label: 'invan',
  metadata: {}
}
{
  message: 'DB: mongo db connection is established',
  level: 'info',
  timestamp: '2021-06-10T07:09:15.191Z',
  label: 'invan',
  metadata: {}
}
{
  message: 'DB: DATABASE URL: mongodb://localhost:27017/invan_project',
  level: 'info',
  timestamp: '2021-06-10T07:11:24.211Z',
  label: 'invan',
  metadata: {}
}
{
  message: 'INDEX: Database connection initialized.',
  level: 'info',
  timestamp: '2021-06-10T07:11:24.245Z',
  label: 'invan',
  metadata: {}
}
{
  message: 'INDEX: Server is running on port: 3000',
  level: 'info',
  timestamp: '2021-06-10T07:11:24.248Z',
  label: 'invan',
  metadata: {}
}
{
  message: 'DB: mongo db connection is established',
  level: 'info',
  timestamp: '2021-06-10T07:11:24.296Z',
  label: 'invan',
  metadata: {}
}
{
  message: 'DB: DATABASE URL: mongodb://localhost:27017/invan_project',
  level: 'info',
  timestamp: '2021-06-10T07:11:39.313Z',
  label: 'invan',
  metadata: {}
}
{
  message: 'INDEX: Database connection initialized.',
  level: 'info',
  timestamp: '2021-06-10T07:11:39.337Z',
  label: 'invan',
  metadata: {}
}
{
  message: 'INDEX: Server is running on port: 3000',
  level: 'info',
  timestamp: '2021-06-10T07:11:39.340Z',
  label: 'invan',
  metadata: {}
}
{
  message: 'DB: mongo db connection is established',
  level: 'info',
  timestamp: '2021-06-10T07:11:39.362Z',
  label: 'invan',
  metadata: {}
}
{
  message: 'DB: DATABASE URL: mongodb://localhost:27017/invan_project',
  level: 'info',
  timestamp: '2021-06-10T07:14:05.250Z',
  label: 'invan',
  metadata: {}
}
{
  message: 'INDEX: Database connection initialized.',
  level: 'info',
  timestamp: '2021-06-10T07:14:05.292Z',
  label: 'invan',
  metadata: {}
}
{
  message: 'INDEX: Server is running on port: 3000',
  level: 'info',
  timestamp: '2021-06-10T07:14:05.294Z',
  label: 'invan',
  metadata: {}
}
{
  message: 'DB: mongo db connection is established',
  level: 'info',
  timestamp: '2021-06-10T07:14:05.321Z',
  label: 'invan',
  metadata: {}
}
{
  message: 'DB: DATABASE URL: mongodb://localhost:27017/invan_project',
  level: 'info',
  timestamp: '2021-06-10T07:14:41.634Z',
  label: 'invan',
  metadata: {}
}
{
  message: 'INDEX: Database connection initialized.',
  level: 'info',
  timestamp: '2021-06-10T07:14:41.664Z',
  label: 'invan',
  metadata: {}
}
{
  message: 'INDEX: Server is running on port: 3000',
  level: 'info',
  timestamp: '2021-06-10T07:14:41.667Z',
  label: 'invan',
  metadata: {}
}
{
  message: 'DB: mongo db connection is established',
  level: 'info',
  timestamp: '2021-06-10T07:14:41.687Z',
  label: 'invan',
  metadata: {}
}
{
  message: 'DB: DATABASE URL: mongodb://localhost:27017/invan_project',
  level: 'info',
  timestamp: '2021-06-10T07:17:34.152Z',
  label: 'invan',
  metadata: {}
}
{
  message: 'INDEX: Database connection initialized.',
  level: 'info',
  timestamp: '2021-06-10T07:17:34.447Z',
  label: 'invan',
  metadata: {}
}
{
  message: 'INDEX: Server is running on port: 3000',
  level: 'info',
  timestamp: '2021-06-10T07:17:34.456Z',
  label: 'invan',
  metadata: {}
}
{
  message: 'DB: mongo db connection is established',
  level: 'info',
  timestamp: '2021-06-10T07:17:34.627Z',
  label: 'invan',
  metadata: {}
}
{
  message: 'storage.sample.get failed to findOne',
  level: 'warn',
  timestamp: '2021-06-10T07:20:05.270Z',
  label: 'invan',
  metadata: {}
}
{
  message: 'storage.sample.findOne: finished with error: Error: Db object is not found',
  level: 'error',
  timestamp: '2021-06-10T07:20:05.271Z',
  label: 'invan',
  metadata: {}
}
{
  message: 'DB: DATABASE URL: mongodb://localhost:27017/invan_project',
  level: 'info',
  timestamp: '2021-06-10T07:22:09.974Z',
  label: 'invan',
  metadata: {}
}
{
  message: 'INDEX: Database connection initialized.',
  level: 'info',
  timestamp: '2021-06-10T07:22:10.001Z',
  label: 'invan',
  metadata: {}
}
{
  message: 'INDEX: Server is running on port: 3000',
  level: 'info',
  timestamp: '2021-06-10T07:22:10.004Z',
  label: 'invan',
  metadata: {}
}
{
  message: 'DB: mongo db connection is established',
  level: 'info',
  timestamp: '2021-06-10T07:22:10.043Z',
  label: 'invan',
  metadata: {}
}
{
  message: 'DB: DATABASE URL: mongodb://localhost:27017/invan_project',
  level: 'info',
  timestamp: '2021-06-10T07:27:45.609Z',
  label: 'invan',
  metadata: {}
}
{
  message: 'INDEX: Database connection initialized.',
  level: 'info',
  timestamp: '2021-06-10T07:27:45.637Z',
  label: 'invan',
  metadata: {}
}
{
  message: 'INDEX: Server is running on port: 3000',
  level: 'info',
  timestamp: '2021-06-10T07:27:45.640Z',
  label: 'invan',
  metadata: {}
}
{
  message: 'DB: mongo db connection is established',
  level: 'info',
  timestamp: '2021-06-10T07:27:45.680Z',
  label: 'invan',
  metadata: {}
}
{
  message: 'DB: DATABASE URL: mongodb://localhost:27017/invan_project',
  level: 'info',
  timestamp: '2021-06-10T07:29:37.018Z',
  label: 'invan',
  metadata: {}
}
{
  message: 'INDEX: Database connection initialized.',
  level: 'info',
  timestamp: '2021-06-10T07:29:37.045Z',
  label: 'invan',
  metadata: {}
}
{
  message: 'INDEX: Server is running on port: 3000',
  level: 'info',
  timestamp: '2021-06-10T07:29:37.048Z',
  label: 'invan',
  metadata: {}
}
{
  message: 'DB: mongo db connection is established',
  level: 'info',
  timestamp: '2021-06-10T07:29:37.087Z',
  label: 'invan',
  metadata: {}
}
{
  message: 'DB: DATABASE URL: mongodb://localhost:27017/invan_project',
  level: 'info',
  timestamp: '2021-06-10T07:33:17.094Z',
  label: 'invan',
  metadata: {}
}
{
  message: 'INDEX: Database connection initialized.',
  level: 'info',
  timestamp: '2021-06-10T07:33:17.137Z',
  label: 'invan',
  metadata: {}
}
{
  message: 'INDEX: Server is running on port: 3000',
  level: 'info',
  timestamp: '2021-06-10T07:33:17.141Z',
  label: 'invan',
  metadata: {}
}
{
  message: 'DB: mongo db connection is established',
  level: 'info',
  timestamp: '2021-06-10T07:33:17.193Z',
  label: 'invan',
  metadata: {}
}
{
  message: 'DB: DATABASE URL: mongodb://localhost:27017/invan_project',
  level: 'info',
  timestamp: '2021-06-10T07:35:20.260Z',
  label: 'invan',
  metadata: {}
}
{
  message: 'INDEX: Database connection initialized.',
  level: 'info',
  timestamp: '2021-06-10T07:35:20.285Z',
  label: 'invan',
  metadata: {}
}
{
  message: 'INDEX: Server is running on port: 3000',
  level: 'info',
  timestamp: '2021-06-10T07:35:20.287Z',
  label: 'invan',
  metadata: {}
}
{
  message: 'DB: mongo db connection is established',
  level: 'info',
  timestamp: '2021-06-10T07:35:20.323Z',
  label: 'invan',
  metadata: {}
}
{
  message: 'DB: DATABASE URL: mongodb://localhost:27017/invan_project',
  level: 'info',
  timestamp: '2021-06-10T07:42:05.273Z',
  label: 'invan',
  metadata: {}
}
{
  message: 'INDEX: Database connection initialized.',
  level: 'info',
  timestamp: '2021-06-10T07:42:05.307Z',
  label: 'invan',
  metadata: {}
}
{
  message: 'INDEX: Server is running on port: 3000',
  level: 'info',
  timestamp: '2021-06-10T07:42:05.310Z',
  label: 'invan',
  metadata: {}
}
{
  message: 'DB: mongo db connection is established',
  level: 'info',
  timestamp: '2021-06-10T07:42:05.335Z',
  label: 'invan',
  metadata: {}
}
{
  message: 'DB: DATABASE URL: mongodb://localhost:27017/invan_project',
  level: 'info',
  timestamp: '2021-06-10T07:45:04.702Z',
  label: 'invan',
  metadata: {}
}
{
  message: 'INDEX: Database connection initialized.',
  level: 'info',
  timestamp: '2021-06-10T07:45:04.728Z',
  label: 'invan',
  metadata: {}
}
{
  message: 'INDEX: Server is running on port: 3000',
  level: 'info',
  timestamp: '2021-06-10T07:45:04.730Z',
  label: 'invan',
  metadata: {}
}
{
  message: 'DB: mongo db connection is established',
  level: 'info',
  timestamp: '2021-06-10T07:45:04.756Z',
  label: 'invan',
  metadata: {}
}
{
  message: 'DB: DATABASE URL: mongodb://localhost:27017/invan_project',
  level: 'info',
  timestamp: '2021-06-10T08:00:34.105Z',
  label: 'invan',
  metadata: {}
}
{
  message: 'INDEX: Database connection initialized.',
  level: 'info',
  timestamp: '2021-06-10T08:00:34.132Z',
  label: 'invan',
  metadata: {}
}
{
  message: 'INDEX: Server is running on port: 3000',
  level: 'info',
  timestamp: '2021-06-10T08:00:34.135Z',
  label: 'invan',
  metadata: {}
}
{
  message: 'DB: mongo db connection is established',
  level: 'info',
  timestamp: '2021-06-10T08:00:34.181Z',
  label: 'invan',
  metadata: {}
}
{
  message: 'storage.sample.get failed to findOne',
  level: 'warn',
  timestamp: '2021-06-10T08:00:44.621Z',
  label: 'invan',
  metadata: {}
}
{
  message: 'storage.sample.findOne: finished with error: Error: Db object is not found',
  level: 'error',
  timestamp: '2021-06-10T08:00:44.622Z',
  label: 'invan',
  metadata: {}
}
{
  message: 'DB: DATABASE URL: mongodb://localhost:27017/invan_project',
  level: 'info',
  timestamp: '2021-06-10T08:01:35.303Z',
  label: 'invan',
  metadata: {}
}
{
  message: 'INDEX: Database connection initialized.',
  level: 'info',
  timestamp: '2021-06-10T08:01:35.328Z',
  label: 'invan',
  metadata: {}
}
{
  message: 'INDEX: Server is running on port: 3000',
  level: 'info',
  timestamp: '2021-06-10T08:01:35.331Z',
  label: 'invan',
  metadata: {}
}
{
  message: 'DB: mongo db connection is established',
  level: 'info',
  timestamp: '2021-06-10T08:01:35.361Z',
  label: 'invan',
  metadata: {}
}
{
  message: 'storage.sample.get failed to findOne',
  level: 'warn',
  timestamp: '2021-06-10T08:01:39.941Z',
  label: 'invan',
  metadata: {}
}
{
  message: 'storage.sample.findOne: finished with error: Error: Db object is not found',
  level: 'error',
  timestamp: '2021-06-10T08:01:39.942Z',
  label: 'invan',
  metadata: {}
}
{
  message: 'DB: DATABASE URL: mongodb://localhost:27017/invan_project',
  level: 'info',
  timestamp: '2021-06-10T08:05:27.304Z',
  label: 'invan',
  metadata: {}
}
{
  message: 'INDEX: Database connection initialized.',
  level: 'info',
  timestamp: '2021-06-10T08:05:27.329Z',
  label: 'invan',
  metadata: {}
}
{
  message: 'INDEX: Server is running on port: 3000',
  level: 'info',
  timestamp: '2021-06-10T08:05:27.331Z',
  label: 'invan',
  metadata: {}
}
{
  message: 'DB: mongo db connection is established',
  level: 'info',
  timestamp: '2021-06-10T08:05:27.352Z',
  label: 'invan',
  metadata: {}
}
{
  message: 'DB: DATABASE URL: mongodb://localhost:27017/invan_project',
  level: 'info',
  timestamp: '2021-06-10T08:05:45.263Z',
  label: 'invan',
  metadata: {}
}
{
  message: 'INDEX: Database connection initialized.',
  level: 'info',
  timestamp: '2021-06-10T08:05:45.293Z',
  label: 'invan',
  metadata: {}
}
{
  message: 'INDEX: Server is running on port: 3000',
  level: 'info',
  timestamp: '2021-06-10T08:05:45.295Z',
  label: 'invan',
  metadata: {}
}
{
  message: 'DB: mongo db connection is established',
  level: 'info',
  timestamp: '2021-06-10T08:05:45.316Z',
  label: 'invan',
  metadata: {}
}
{
  message: 'storage.sample.get failed to findOne',
  level: 'warn',
  timestamp: '2021-06-10T08:06:19.302Z',
  label: 'invan',
  metadata: {}
}
{
  message: 'storage.sample.findOne: finished with error: Error: Db object is not found',
  level: 'error',
  timestamp: '2021-06-10T08:06:19.303Z',
  label: 'invan',
  metadata: {}
}
{
  message: 'storage.sample.get failed to findOne',
  level: 'warn',
  timestamp: '2021-06-10T08:06:35.598Z',
  label: 'invan',
  metadata: {}
}
{
  message: 'storage.sample.findOne: finished with error: Error: Db object is not found',
  level: 'error',
  timestamp: '2021-06-10T08:06:35.599Z',
  label: 'invan',
  metadata: {}
}
{
  message: 'DB: DATABASE URL: mongodb://localhost:27017/invan_project',
  level: 'info',
  timestamp: '2021-06-10T08:07:19.666Z',
  label: 'invan',
  metadata: {}
}
{
  message: 'INDEX: Database connection initialized.',
  level: 'info',
  timestamp: '2021-06-10T08:07:19.691Z',
  label: 'invan',
  metadata: {}
}
{
  message: 'INDEX: Server is running on port: 3000',
  level: 'info',
  timestamp: '2021-06-10T08:07:19.693Z',
  label: 'invan',
  metadata: {}
}
{
  message: 'DB: mongo db connection is established',
  level: 'info',
  timestamp: '2021-06-10T08:07:19.714Z',
  label: 'invan',
  metadata: {}
}
{
  message: 'DB: DATABASE URL: mongodb://localhost:27017/invan_project',
  level: 'info',
  timestamp: '2021-06-10T08:14:34.106Z',
  label: 'invan',
  metadata: {}
}
{
  message: 'INDEX: Database connection initialized.',
  level: 'info',
  timestamp: '2021-06-10T08:14:34.133Z',
  label: 'invan',
  metadata: {}
}
{
  message: 'INDEX: Server is running on port: 3000',
  level: 'info',
  timestamp: '2021-06-10T08:14:34.135Z',
  label: 'invan',
  metadata: {}
}
{
  message: 'DB: mongo db connection is established',
  level: 'info',
  timestamp: '2021-06-10T08:14:34.156Z',
  label: 'invan',
  metadata: {}
}
{
  message: 'DB: DATABASE URL: mongodb://localhost:27017/invan_project',
  level: 'info',
  timestamp: '2021-06-10T08:16:23.524Z',
  label: 'invan',
  metadata: {}
}
{
  message: 'INDEX: Database connection initialized.',
  level: 'info',
  timestamp: '2021-06-10T08:16:23.549Z',
  label: 'invan',
  metadata: {}
}
{
  message: 'INDEX: Server is running on port: 3000',
  level: 'info',
  timestamp: '2021-06-10T08:16:23.552Z',
  label: 'invan',
  metadata: {}
}
{
  message: 'DB: mongo db connection is established',
  level: 'info',
  timestamp: '2021-06-10T08:16:23.572Z',
  label: 'invan',
  metadata: {}
}
{
  message: 'DB: DATABASE URL: mongodb://localhost:27017/invan_project',
  level: 'info',
  timestamp: '2021-06-10T08:23:56.510Z',
  label: 'invan',
  metadata: {}
}
{
  message: 'INDEX: Database connection initialized.',
  level: 'info',
  timestamp: '2021-06-10T08:23:56.536Z',
  label: 'invan',
  metadata: {}
}
{
  message: 'INDEX: Server is running on port: 3000',
  level: 'info',
  timestamp: '2021-06-10T08:23:56.538Z',
  label: 'invan',
  metadata: {}
}
{
  message: 'DB: mongo db connection is established',
  level: 'info',
  timestamp: '2021-06-10T08:23:56.560Z',
  label: 'invan',
  metadata: {}
}
{
  message: 'DB: DATABASE URL: mongodb://localhost:27017/invan_project',
  level: 'info',
  timestamp: '2021-06-10T08:25:50.637Z',
  label: 'invan',
  metadata: {}
}
{
  message: 'INDEX: Database connection initialized.',
  level: 'info',
  timestamp: '2021-06-10T08:25:50.664Z',
  label: 'invan',
  metadata: {}
}
{
  message: 'INDEX: Server is running on port: 3000',
  level: 'info',
  timestamp: '2021-06-10T08:25:50.667Z',
  label: 'invan',
  metadata: {}
}
{
  message: 'DB: mongo db connection is established',
  level: 'info',
  timestamp: '2021-06-10T08:25:50.697Z',
  label: 'invan',
  metadata: {}
}
{
  message: 'DB: DATABASE URL: mongodb://localhost:27017/invan_project',
  level: 'info',
  timestamp: '2021-06-10T08:38:13.858Z',
  label: 'invan',
  metadata: {}
}
{
  message: 'INDEX: Database connection initialized.',
  level: 'info',
  timestamp: '2021-06-10T08:38:13.910Z',
  label: 'invan',
  metadata: {}
}
{
  message: 'INDEX: Server is running on port: 3000',
  level: 'info',
  timestamp: '2021-06-10T08:38:13.914Z',
  label: 'invan',
  metadata: {}
}
{
  message: 'DB: mongo db connection is established',
  level: 'info',
  timestamp: '2021-06-10T08:38:13.957Z',
  label: 'invan',
  metadata: {}
}
{
  message: 'DB: DATABASE URL: mongodb://localhost:27017/invan_project',
  level: 'info',
  timestamp: '2021-06-10T08:40:27.951Z',
  label: 'invan',
  metadata: {}
}
{
  message: 'INDEX: Database connection initialized.',
  level: 'info',
  timestamp: '2021-06-10T08:40:27.981Z',
  label: 'invan',
  metadata: {}
}
{
  message: 'INDEX: Server is running on port: 3000',
  level: 'info',
  timestamp: '2021-06-10T08:40:27.983Z',
  label: 'invan',
  metadata: {}
}
{
  message: 'DB: mongo db connection is established',
  level: 'info',
  timestamp: '2021-06-10T08:40:28.003Z',
  label: 'invan',
  metadata: {}
}
{
  message: 'DB: DATABASE URL: mongodb://localhost:27017/invan_project',
  level: 'info',
  timestamp: '2021-06-10T09:19:47.405Z',
  label: 'invan',
  metadata: {}
}
{
  message: 'INDEX: Database connection initialized.',
  level: 'info',
  timestamp: '2021-06-10T09:19:47.430Z',
  label: 'invan',
  metadata: {}
}
{
  message: 'INDEX: Server is running on port: 3000',
  level: 'info',
  timestamp: '2021-06-10T09:19:47.433Z',
  label: 'invan',
  metadata: {}
}
{
  message: 'DB: mongo db connection is established',
  level: 'info',
  timestamp: '2021-06-10T09:19:47.452Z',
  label: 'invan',
  metadata: {}
}
{
  message: 'DB: DATABASE URL: mongodb://localhost:27017/invan_project',
  level: 'info',
  timestamp: '2021-06-10T09:19:59.186Z',
  label: 'invan',
  metadata: {}
}
{
  message: 'INDEX: Database connection initialized.',
  level: 'info',
  timestamp: '2021-06-10T09:19:59.213Z',
  label: 'invan',
  metadata: {}
}
{
  message: 'INDEX: Server is running on port: 3000',
  level: 'info',
  timestamp: '2021-06-10T09:19:59.215Z',
  label: 'invan',
  metadata: {}
}
{
  message: 'DB: mongo db connection is established',
  level: 'info',
  timestamp: '2021-06-10T09:19:59.244Z',
  label: 'invan',
  metadata: {}
}
{
  message: 'DB: DATABASE URL: mongodb://localhost:27017/invan_project',
  level: 'info',
  timestamp: '2021-06-16T06:48:29.902Z',
  label: 'invan',
  metadata: {}
}
{
  message: 'INDEX: Database connection initialized.',
  level: 'info',
  timestamp: '2021-06-16T06:48:29.927Z',
  label: 'invan',
  metadata: {}
}
{
  message: 'INDEX: Server is running on port: 3000',
  level: 'info',
  timestamp: '2021-06-16T06:48:29.929Z',
  label: 'invan',
  metadata: {}
}
{
  message: 'DB: mongo db connection is established',
  level: 'info',
  timestamp: '2021-06-16T06:48:29.950Z',
  label: 'invan',
  metadata: {}
}
{
  message: 'DB: DATABASE URL: mongodb://localhost:27017/invan_project',
  level: 'info',
  timestamp: '2021-06-16T06:49:58.469Z',
  label: 'invan',
  metadata: {}
}
{
  message: 'INDEX: Database connection initialized.',
  level: 'info',
  timestamp: '2021-06-16T06:49:58.494Z',
  label: 'invan',
  metadata: {}
}
{
  message: 'INDEX: Server is running on port: 3000',
  level: 'info',
  timestamp: '2021-06-16T06:49:58.497Z',
  label: 'invan',
  metadata: {}
}
{
  message: 'DB: mongo db connection is established',
  level: 'info',
  timestamp: '2021-06-16T06:49:58.517Z',
  label: 'invan',
  metadata: {}
}
{
  message: 'DB: DATABASE URL: mongodb://localhost:27017/invan_project',
  level: 'info',
  timestamp: '2021-06-16T06:50:39.886Z',
  label: 'invan',
  metadata: {}
}
{
  message: 'INDEX: Database connection initialized.',
  level: 'info',
  timestamp: '2021-06-16T06:50:39.913Z',
  label: 'invan',
  metadata: {}
}
{
  message: 'INDEX: Server is running on port: 3000',
  level: 'info',
  timestamp: '2021-06-16T06:50:39.917Z',
  label: 'invan',
  metadata: {}
}
{
  message: 'DB: mongo db connection is established',
  level: 'info',
  timestamp: '2021-06-16T06:50:39.937Z',
  label: 'invan',
  metadata: {}
}
{
  message: 'DB: DATABASE URL: mongodb://localhost:27017/invan_project',
  level: 'info',
  timestamp: '2021-06-16T06:51:00.797Z',
  label: 'invan',
  metadata: {}
}
{
  message: 'INDEX: Database connection initialized.',
  level: 'info',
  timestamp: '2021-06-16T06:51:00.822Z',
  label: 'invan',
  metadata: {}
}
{
  message: 'INDEX: Server is running on port: 3000',
  level: 'info',
  timestamp: '2021-06-16T06:51:00.824Z',
  label: 'invan',
  metadata: {}
}
{
  message: 'DB: mongo db connection is established',
  level: 'info',
  timestamp: '2021-06-16T06:51:00.845Z',
  label: 'invan',
  metadata: {}
}
{
  message: 'DB: DATABASE URL: mongodb://localhost:27017/invan_project',
  level: 'info',
  timestamp: '2021-06-16T06:52:07.955Z',
  label: 'invan',
  metadata: {}
}
{
  message: 'INDEX: Database connection initialized.',
  level: 'info',
  timestamp: '2021-06-16T06:52:07.979Z',
  label: 'invan',
  metadata: {}
}
{
  message: 'INDEX: Server is running on port: 3000',
  level: 'info',
  timestamp: '2021-06-16T06:52:07.982Z',
  label: 'invan',
  metadata: {}
}
{
  message: 'DB: mongo db connection is established',
  level: 'info',
  timestamp: '2021-06-16T06:52:08.004Z',
  label: 'invan',
  metadata: {}
}
{
  message: 'DB: DATABASE URL: mongodb://localhost:27017/invan_project',
  level: 'info',
  timestamp: '2021-06-16T06:54:23.418Z',
  label: 'invan',
  metadata: {}
}
{
  message: 'INDEX: Database connection initialized.',
  level: 'info',
  timestamp: '2021-06-16T06:54:23.443Z',
  label: 'invan',
  metadata: {}
}
{
  message: 'INDEX: Server is running on port: 3000',
  level: 'info',
  timestamp: '2021-06-16T06:54:23.446Z',
  label: 'invan',
  metadata: {}
}
{
  message: 'DB: mongo db connection is established',
  level: 'info',
  timestamp: '2021-06-16T06:54:23.465Z',
  label: 'invan',
  metadata: {}
}
{
  message: 'DB: DATABASE URL: mongodb://localhost:27017/invan_project',
  level: 'info',
  timestamp: '2021-06-16T06:54:45.440Z',
  label: 'invan',
  metadata: {}
}
{
  message: 'INDEX: Database connection initialized.',
  level: 'info',
  timestamp: '2021-06-16T06:54:45.465Z',
  label: 'invan',
  metadata: {}
}
{
  message: 'INDEX: Server is running on port: 3000',
  level: 'info',
  timestamp: '2021-06-16T06:54:45.468Z',
  label: 'invan',
  metadata: {}
}
{
  message: 'DB: mongo db connection is established',
  level: 'info',
  timestamp: '2021-06-16T06:54:45.487Z',
  label: 'invan',
  metadata: {}
}
{
  message: `storage.user.create: finished with error: ValidationError: organizations: Cast to embedded failed for value "'Invan'" (type string) at path "organizations"`,
  level: 'error',
  timestamp: '2021-06-16T06:55:50.006Z',
  label: 'invan',
  metadata: {}
}
{
  message: 'storage.sample.create: finished with error: MongoError: E11000 duplicate key error collection: invan_project.smsauths index: _id_ dup key: { _id: "ea059d9f-2e7a-41a0-bbed-1851f941ac24" }',
  level: 'error',
  timestamp: '2021-06-16T06:58:06.320Z',
  label: 'invan',
  metadata: {}
}
{
  message: 'storage.sample.create: finished with error: MongoError: E11000 duplicate key error collection: invan_project.smsauths index: _id_ dup key: { _id: "ea059d9f-2e7a-41a0-bbed-1851f941ac24" }',
  level: 'error',
  timestamp: '2021-06-16T06:58:26.441Z',
  label: 'invan',
  metadata: {}
}
{
  message: 'DB: DATABASE URL: mongodb://localhost:27017/invan_project',
  level: 'info',
  timestamp: '2021-06-16T07:00:22.373Z',
  label: 'invan',
  metadata: {}
}
{
  message: 'INDEX: Database connection initialized.',
  level: 'info',
  timestamp: '2021-06-16T07:00:22.406Z',
  label: 'invan',
  metadata: {}
}
{
  message: 'INDEX: Server is running on port: 3000',
  level: 'info',
  timestamp: '2021-06-16T07:00:22.410Z',
  label: 'invan',
  metadata: {}
}
{
  message: 'DB: mongo db connection is established',
  level: 'info',
  timestamp: '2021-06-16T07:00:22.432Z',
  label: 'invan',
  metadata: {}
}
{
  message: 'DB: DATABASE URL: mongodb://localhost:27017/invan_project',
  level: 'info',
  timestamp: '2021-06-16T07:02:04.952Z',
  label: 'invan',
  metadata: {}
}
{
  message: 'INDEX: Database connection initialized.',
  level: 'info',
  timestamp: '2021-06-16T07:02:04.977Z',
  label: 'invan',
  metadata: {}
}
{
  message: 'INDEX: Server is running on port: 3000',
  level: 'info',
  timestamp: '2021-06-16T07:02:04.980Z',
  label: 'invan',
  metadata: {}
}
{
  message: 'DB: mongo db connection is established',
  level: 'info',
  timestamp: '2021-06-16T07:02:05.000Z',
  label: 'invan',
  metadata: {}
}
{
  message: 'DB: DATABASE URL: mongodb://localhost:27017/invan_project',
  level: 'info',
  timestamp: '2021-06-16T07:02:53.270Z',
  label: 'invan',
  metadata: {}
}
{
  message: 'INDEX: Database connection initialized.',
  level: 'info',
  timestamp: '2021-06-16T07:02:53.296Z',
  label: 'invan',
  metadata: {}
}
{
  message: 'INDEX: Server is running on port: 3000',
  level: 'info',
  timestamp: '2021-06-16T07:02:53.299Z',
  label: 'invan',
  metadata: {}
}
{
  message: 'DB: mongo db connection is established',
  level: 'info',
  timestamp: '2021-06-16T07:02:53.320Z',
  label: 'invan',
  metadata: {}
}
{
  message: 'DB: DATABASE URL: mongodb://localhost:27017/invan_project',
  level: 'info',
  timestamp: '2021-06-16T07:06:11.268Z',
  label: 'invan',
  metadata: {}
}
{
  message: 'INDEX: Database connection initialized.',
  level: 'info',
  timestamp: '2021-06-16T07:06:11.306Z',
  label: 'invan',
  metadata: {}
}
{
  message: 'INDEX: Server is running on port: 3000',
  level: 'info',
  timestamp: '2021-06-16T07:06:11.312Z',
  label: 'invan',
  metadata: {}
}
{
  message: 'DB: mongo db connection is established',
  level: 'info',
  timestamp: '2021-06-16T07:06:11.344Z',
  label: 'invan',
  metadata: {}
}
{
  message: 'DB: DATABASE URL: mongodb://localhost:27017/invan_project',
  level: 'info',
  timestamp: '2021-06-16T07:09:46.946Z',
  label: 'invan',
  metadata: {}
}
{
  message: 'INDEX: Database connection initialized.',
  level: 'info',
  timestamp: '2021-06-16T07:09:46.979Z',
  label: 'invan',
  metadata: {}
}
{
  message: 'INDEX: Server is running on port: 3000',
  level: 'info',
  timestamp: '2021-06-16T07:09:46.984Z',
  label: 'invan',
  metadata: {}
}
{
  message: 'DB: mongo db connection is established',
  level: 'info',
  timestamp: '2021-06-16T07:09:47.020Z',
  label: 'invan',
  metadata: {}
}
{
  message: 'DB: DATABASE URL: mongodb://localhost:27017/invan_project',
  level: 'info',
  timestamp: '2021-06-16T07:10:40.698Z',
  label: 'invan',
  metadata: {}
}
{
  message: 'INDEX: Database connection initialized.',
  level: 'info',
  timestamp: '2021-06-16T07:10:40.725Z',
  label: 'invan',
  metadata: {}
}
{
  message: 'INDEX: Server is running on port: 3000',
  level: 'info',
  timestamp: '2021-06-16T07:10:40.727Z',
  label: 'invan',
  metadata: {}
}
{
  message: 'DB: mongo db connection is established',
  level: 'info',
  timestamp: '2021-06-16T07:10:40.746Z',
  label: 'invan',
  metadata: {}
}
{
  message: 'DB: DATABASE URL: mongodb://localhost:27017/invan_project',
  level: 'info',
  timestamp: '2021-06-16T07:15:34.596Z',
  label: 'invan',
  metadata: {}
}
{
  message: 'INDEX: Database connection initialized.',
  level: 'info',
  timestamp: '2021-06-16T07:15:34.631Z',
  label: 'invan',
  metadata: {}
}
{
  message: 'INDEX: Server is running on port: 3000',
  level: 'info',
  timestamp: '2021-06-16T07:15:34.633Z',
  label: 'invan',
  metadata: {}
}
{
  message: 'DB: mongo db connection is established',
  level: 'info',
  timestamp: '2021-06-16T07:15:34.653Z',
  label: 'invan',
  metadata: {}
}
{
  message: 'DB: DATABASE URL: mongodb://localhost:27017/invan_project',
  level: 'info',
  timestamp: '2021-06-16T07:20:38.563Z',
  label: 'invan',
  metadata: {}
}
{
  message: 'INDEX: Database connection initialized.',
  level: 'info',
  timestamp: '2021-06-16T07:20:38.598Z',
  label: 'invan',
  metadata: {}
}
{
  message: 'INDEX: Server is running on port: 3000',
  level: 'info',
  timestamp: '2021-06-16T07:20:38.601Z',
  label: 'invan',
  metadata: {}
}
{
  message: 'DB: mongo db connection is established',
  level: 'info',
  timestamp: '2021-06-16T07:20:38.643Z',
  label: 'invan',
  metadata: {}
}
{
  message: 'DB: DATABASE URL: mongodb://localhost:27017/invan_project',
  level: 'info',
  timestamp: '2021-06-16T07:23:05.817Z',
  label: 'invan',
  metadata: {}
}
{
  message: 'INDEX: Database connection initialized.',
  level: 'info',
  timestamp: '2021-06-16T07:23:05.844Z',
  label: 'invan',
  metadata: {}
}
{
  message: 'INDEX: Server is running on port: 3000',
  level: 'info',
  timestamp: '2021-06-16T07:23:05.846Z',
  label: 'invan',
  metadata: {}
}
{
  message: 'DB: mongo db connection is established',
  level: 'info',
  timestamp: '2021-06-16T07:23:05.865Z',
  label: 'invan',
  metadata: {}
}
{
  message: 'DB: DATABASE URL: mongodb://localhost:27017/invan_project',
  level: 'info',
  timestamp: '2021-06-16T07:23:14.974Z',
  label: 'invan',
  metadata: {}
}
{
  message: 'INDEX: Database connection initialized.',
  level: 'info',
  timestamp: '2021-06-16T07:23:14.999Z',
  label: 'invan',
  metadata: {}
}
{
  message: 'INDEX: Server is running on port: 3000',
  level: 'info',
  timestamp: '2021-06-16T07:23:15.001Z',
  label: 'invan',
  metadata: {}
}
{
  message: 'DB: mongo db connection is established',
  level: 'info',
  timestamp: '2021-06-16T07:23:15.021Z',
  label: 'invan',
  metadata: {}
}
{
  message: 'DB: DATABASE URL: mongodb://localhost:27017/invan_project',
  level: 'info',
  timestamp: '2021-06-16T07:25:30.516Z',
  label: 'invan',
  metadata: {}
}
{
  message: 'INDEX: Database connection initialized.',
  level: 'info',
  timestamp: '2021-06-16T07:25:30.550Z',
  label: 'invan',
  metadata: {}
}
{
  message: 'INDEX: Server is running on port: 3000',
  level: 'info',
  timestamp: '2021-06-16T07:25:30.553Z',
  label: 'invan',
  metadata: {}
}
{
  message: 'DB: mongo db connection is established',
  level: 'info',
  timestamp: '2021-06-16T07:25:30.572Z',
  label: 'invan',
  metadata: {}
}
{
  message: 'DB: DATABASE URL: mongodb://localhost:27017/invan_project',
  level: 'info',
  timestamp: '2021-06-16T07:25:48.012Z',
  label: 'invan',
  metadata: {}
}
{
  message: 'INDEX: Database connection initialized.',
  level: 'info',
  timestamp: '2021-06-16T07:25:48.037Z',
  label: 'invan',
  metadata: {}
}
{
  message: 'INDEX: Server is running on port: 3000',
  level: 'info',
  timestamp: '2021-06-16T07:25:48.039Z',
  label: 'invan',
  metadata: {}
}
{
  message: 'DB: mongo db connection is established',
  level: 'info',
  timestamp: '2021-06-16T07:25:48.060Z',
  label: 'invan',
  metadata: {}
}
{
  message: 'DB: DATABASE URL: mongodb://localhost:27017/invan_project',
  level: 'info',
  timestamp: '2021-06-16T07:26:31.618Z',
  label: 'invan',
  metadata: {}
}
{
  message: 'INDEX: Database connection initialized.',
  level: 'info',
  timestamp: '2021-06-16T07:26:31.644Z',
  label: 'invan',
  metadata: {}
}
{
  message: 'INDEX: Server is running on port: 3000',
  level: 'info',
  timestamp: '2021-06-16T07:26:31.647Z',
  label: 'invan',
  metadata: {}
}
{
  message: 'DB: mongo db connection is established',
  level: 'info',
  timestamp: '2021-06-16T07:26:31.665Z',
  label: 'invan',
  metadata: {}
}
{
  message: 'DB: DATABASE URL: mongodb://localhost:27017/invan_project',
  level: 'info',
  timestamp: '2021-06-16T07:26:45.166Z',
  label: 'invan',
  metadata: {}
}
{
  message: 'INDEX: Database connection initialized.',
  level: 'info',
  timestamp: '2021-06-16T07:26:45.194Z',
  label: 'invan',
  metadata: {}
}
{
  message: 'INDEX: Server is running on port: 3000',
  level: 'info',
  timestamp: '2021-06-16T07:26:45.196Z',
  label: 'invan',
  metadata: {}
}
{
  message: 'DB: mongo db connection is established',
  level: 'info',
  timestamp: '2021-06-16T07:26:45.229Z',
  label: 'invan',
  metadata: {}
}
{
  message: 'DB: DATABASE URL: mongodb://localhost:27017/invan_project',
  level: 'info',
  timestamp: '2021-06-16T07:31:28.559Z',
  label: 'invan',
  metadata: {}
}
{
  message: 'INDEX: Database connection initialized.',
  level: 'info',
  timestamp: '2021-06-16T07:31:28.584Z',
  label: 'invan',
  metadata: {}
}
{
  message: 'INDEX: Server is running on port: 3000',
  level: 'info',
  timestamp: '2021-06-16T07:31:28.587Z',
  label: 'invan',
  metadata: {}
}
{
  message: 'DB: mongo db connection is established',
  level: 'info',
  timestamp: '2021-06-16T07:31:28.607Z',
  label: 'invan',
  metadata: {}
}
{
  message: 'DB: DATABASE URL: mongodb://localhost:27017/invan_project',
  level: 'info',
  timestamp: '2021-06-16T07:32:14.744Z',
  label: 'invan',
  metadata: {}
}
{
  message: 'INDEX: Database connection initialized.',
  level: 'info',
  timestamp: '2021-06-16T07:32:14.773Z',
  label: 'invan',
  metadata: {}
}
{
  message: 'INDEX: Server is running on port: 3000',
  level: 'info',
  timestamp: '2021-06-16T07:32:14.776Z',
  label: 'invan',
  metadata: {}
}
{
  message: 'DB: mongo db connection is established',
  level: 'info',
  timestamp: '2021-06-16T07:32:14.798Z',
  label: 'invan',
  metadata: {}
}
{
  message: 'DB: DATABASE URL: mongodb://localhost:27017/invan_project',
  level: 'info',
  timestamp: '2021-06-16T07:34:51.524Z',
  label: 'invan',
  metadata: {}
}
{
  message: 'INDEX: Database connection initialized.',
  level: 'info',
  timestamp: '2021-06-16T07:34:51.554Z',
  label: 'invan',
  metadata: {}
}
{
  message: 'INDEX: Server is running on port: 3000',
  level: 'info',
  timestamp: '2021-06-16T07:34:51.558Z',
  label: 'invan',
  metadata: {}
}
{
  message: 'DB: mongo db connection is established',
  level: 'info',
  timestamp: '2021-06-16T07:34:51.587Z',
  label: 'invan',
  metadata: {}
}
{
  message: 'DB: DATABASE URL: mongodb://localhost:27017/invan_project',
  level: 'info',
  timestamp: '2021-06-16T07:35:08.517Z',
  label: 'invan',
  metadata: {}
}
{
  message: 'INDEX: Database connection initialized.',
  level: 'info',
  timestamp: '2021-06-16T07:35:08.543Z',
  label: 'invan',
  metadata: {}
}
{
  message: 'INDEX: Server is running on port: 3000',
  level: 'info',
  timestamp: '2021-06-16T07:35:08.546Z',
  label: 'invan',
  metadata: {}
}
{
  message: 'DB: mongo db connection is established',
  level: 'info',
  timestamp: '2021-06-16T07:35:08.564Z',
  label: 'invan',
  metadata: {}
}
{
  message: 'DB: DATABASE URL: mongodb://localhost:27017/invan_project',
  level: 'info',
  timestamp: '2021-06-16T07:35:23.035Z',
  label: 'invan',
  metadata: {}
}
{
  message: 'INDEX: Database connection initialized.',
  level: 'info',
  timestamp: '2021-06-16T07:35:23.064Z',
  label: 'invan',
  metadata: {}
}
{
  message: 'INDEX: Server is running on port: 3000',
  level: 'info',
  timestamp: '2021-06-16T07:35:23.066Z',
  label: 'invan',
  metadata: {}
}
{
  message: 'DB: mongo db connection is established',
  level: 'info',
  timestamp: '2021-06-16T07:35:23.087Z',
  label: 'invan',
  metadata: {}
}
{
  message: 'DB: DATABASE URL: mongodb://localhost:27017/invan_project',
  level: 'info',
  timestamp: '2021-06-16T07:38:02.407Z',
  label: 'invan',
  metadata: {}
}
{
  message: 'INDEX: Database connection initialized.',
  level: 'info',
  timestamp: '2021-06-16T07:38:02.439Z',
  label: 'invan',
  metadata: {}
}
{
  message: 'INDEX: Server is running on port: 3000',
  level: 'info',
  timestamp: '2021-06-16T07:38:02.442Z',
  label: 'invan',
  metadata: {}
}
{
  message: 'DB: mongo db connection is established',
  level: 'info',
  timestamp: '2021-06-16T07:38:02.461Z',
  label: 'invan',
  metadata: {}
}
{
  message: 'DB: DATABASE URL: mongodb://localhost:27017/invan_project',
  level: 'info',
  timestamp: '2021-06-16T07:39:42.546Z',
  label: 'invan',
  metadata: {}
}
{
  message: 'INDEX: Database connection initialized.',
  level: 'info',
  timestamp: '2021-06-16T07:39:42.574Z',
  label: 'invan',
  metadata: {}
}
{
  message: 'INDEX: Server is running on port: 3000',
  level: 'info',
  timestamp: '2021-06-16T07:39:42.576Z',
  label: 'invan',
  metadata: {}
}
{
  message: 'DB: mongo db connection is established',
  level: 'info',
  timestamp: '2021-06-16T07:39:42.599Z',
  label: 'invan',
  metadata: {}
}
{
  message: 'DB: DATABASE URL: mongodb://localhost:27017/invan_project',
  level: 'info',
  timestamp: '2021-06-16T07:41:02.560Z',
  label: 'invan',
  metadata: {}
}
{
  message: 'INDEX: Database connection initialized.',
  level: 'info',
  timestamp: '2021-06-16T07:41:02.584Z',
  label: 'invan',
  metadata: {}
}
{
  message: 'INDEX: Server is running on port: 3000',
  level: 'info',
  timestamp: '2021-06-16T07:41:02.587Z',
  label: 'invan',
  metadata: {}
}
{
  message: 'DB: mongo db connection is established',
  level: 'info',
  timestamp: '2021-06-16T07:41:02.608Z',
  label: 'invan',
  metadata: {}
}
{
  message: 'DB: DATABASE URL: mongodb://localhost:27017/invan_project',
  level: 'info',
  timestamp: '2021-06-16T07:41:22.358Z',
  label: 'invan',
  metadata: {}
}
{
  message: 'INDEX: Database connection initialized.',
  level: 'info',
  timestamp: '2021-06-16T07:41:22.385Z',
  label: 'invan',
  metadata: {}
}
{
  message: 'INDEX: Server is running on port: 3000',
  level: 'info',
  timestamp: '2021-06-16T07:41:22.388Z',
  label: 'invan',
  metadata: {}
}
{
  message: 'DB: mongo db connection is established',
  level: 'info',
  timestamp: '2021-06-16T07:41:22.408Z',
  label: 'invan',
  metadata: {}
}
{
  message: 'DB: DATABASE URL: mongodb://localhost:27017/invan_project',
  level: 'info',
  timestamp: '2021-06-16T07:43:50.629Z',
  label: 'invan',
  metadata: {}
}
{
  message: 'INDEX: Database connection initialized.',
  level: 'info',
  timestamp: '2021-06-16T07:43:50.657Z',
  label: 'invan',
  metadata: {}
}
{
  message: 'INDEX: Server is running on port: 3000',
  level: 'info',
  timestamp: '2021-06-16T07:43:50.660Z',
  label: 'invan',
  metadata: {}
}
{
  message: 'DB: mongo db connection is established',
  level: 'info',
  timestamp: '2021-06-16T07:43:50.688Z',
  label: 'invan',
  metadata: {}
}
{
  message: 'DB: DATABASE URL: mongodb://localhost:27017/invan_project',
  level: 'info',
  timestamp: '2021-06-16T07:46:26.499Z',
  label: 'invan',
  metadata: {}
}
{
  message: 'INDEX: Database connection initialized.',
  level: 'info',
  timestamp: '2021-06-16T07:46:26.525Z',
  label: 'invan',
  metadata: {}
}
{
  message: 'INDEX: Server is running on port: 3000',
  level: 'info',
  timestamp: '2021-06-16T07:46:26.527Z',
  label: 'invan',
  metadata: {}
}
{
  message: 'DB: mongo db connection is established',
  level: 'info',
  timestamp: '2021-06-16T07:46:26.547Z',
  label: 'invan',
  metadata: {}
}
{
  message: 'DB: DATABASE URL: mongodb://localhost:27017/invan_project',
  level: 'info',
  timestamp: '2021-06-16T07:50:08.105Z',
  label: 'invan',
  metadata: {}
}
{
  message: 'INDEX: Database connection initialized.',
  level: 'info',
  timestamp: '2021-06-16T07:50:08.133Z',
  label: 'invan',
  metadata: {}
}
{
  message: 'INDEX: Server is running on port: 3000',
  level: 'info',
  timestamp: '2021-06-16T07:50:08.135Z',
  label: 'invan',
  metadata: {}
}
{
  message: 'DB: mongo db connection is established',
  level: 'info',
  timestamp: '2021-06-16T07:50:08.155Z',
  label: 'invan',
  metadata: {}
}
{
  message: 'DB: DATABASE URL: mongodb://localhost:27017/invan_project',
  level: 'info',
  timestamp: '2021-06-16T07:50:45.299Z',
  label: 'invan',
  metadata: {}
}
{
  message: 'INDEX: Database connection initialized.',
  level: 'info',
  timestamp: '2021-06-16T07:50:45.331Z',
  label: 'invan',
  metadata: {}
}
{
  message: 'INDEX: Server is running on port: 3000',
  level: 'info',
  timestamp: '2021-06-16T07:50:45.333Z',
  label: 'invan',
  metadata: {}
}
{
  message: 'DB: mongo db connection is established',
  level: 'info',
  timestamp: '2021-06-16T07:50:45.357Z',
  label: 'invan',
  metadata: {}
}
{
  message: 'DB: DATABASE URL: mongodb://localhost:27017/invan_project',
  level: 'info',
  timestamp: '2021-06-16T07:50:58.070Z',
  label: 'invan',
  metadata: {}
}
{
  message: 'INDEX: Database connection initialized.',
  level: 'info',
  timestamp: '2021-06-16T07:50:58.114Z',
  label: 'invan',
  metadata: {}
}
{
  message: 'INDEX: Server is running on port: 3000',
  level: 'info',
  timestamp: '2021-06-16T07:50:58.118Z',
  label: 'invan',
  metadata: {}
}
{
  message: 'DB: mongo db connection is established',
  level: 'info',
  timestamp: '2021-06-16T07:50:58.150Z',
  label: 'invan',
  metadata: {}
}
{
  message: 'DB: DATABASE URL: mongodb://localhost:27017/invan_project',
  level: 'info',
  timestamp: '2021-06-16T07:51:11.156Z',
  label: 'invan',
  metadata: {}
}
{
  message: 'INDEX: Database connection initialized.',
  level: 'info',
  timestamp: '2021-06-16T07:51:11.180Z',
  label: 'invan',
  metadata: {}
}
{
  message: 'INDEX: Server is running on port: 3000',
  level: 'info',
  timestamp: '2021-06-16T07:51:11.183Z',
  label: 'invan',
  metadata: {}
}
{
  message: 'DB: mongo db connection is established',
  level: 'info',
  timestamp: '2021-06-16T07:51:11.203Z',
  label: 'invan',
  metadata: {}
}
{
  message: 'DB: DATABASE URL: mongodb://localhost:27017/invan_project',
  level: 'info',
  timestamp: '2021-06-16T07:51:29.614Z',
  label: 'invan',
  metadata: {}
}
{
  message: 'INDEX: Database connection initialized.',
  level: 'info',
  timestamp: '2021-06-16T07:51:29.641Z',
  label: 'invan',
  metadata: {}
}
{
  message: 'INDEX: Server is running on port: 3000',
  level: 'info',
  timestamp: '2021-06-16T07:51:29.644Z',
  label: 'invan',
  metadata: {}
}
{
  message: 'DB: mongo db connection is established',
  level: 'info',
  timestamp: '2021-06-16T07:51:29.665Z',
  label: 'invan',
  metadata: {}
}
{
  message: 'DB: DATABASE URL: mongodb://localhost:27017/invan_project',
  level: 'info',
  timestamp: '2021-06-16T07:53:37.400Z',
  label: 'invan',
  metadata: {}
}
{
  message: 'INDEX: Database connection initialized.',
  level: 'info',
  timestamp: '2021-06-16T07:53:37.428Z',
  label: 'invan',
  metadata: {}
}
{
  message: 'INDEX: Server is running on port: 3000',
  level: 'info',
  timestamp: '2021-06-16T07:53:37.431Z',
  label: 'invan',
  metadata: {}
}
{
  message: 'DB: mongo db connection is established',
  level: 'info',
  timestamp: '2021-06-16T07:53:37.450Z',
  label: 'invan',
  metadata: {}
}
{
  message: `storage.user.create: finished with error: ValidationError: organizations: Cast to embedded failed for value "'he'" (type string) at path "organizations"`,
  level: 'error',
  timestamp: '2021-06-16T07:54:32.250Z',
  label: 'invan',
  metadata: {}
}
{
  message: 'DB: DATABASE URL: mongodb://localhost:27017/invan_project',
  level: 'info',
  timestamp: '2021-06-16T07:59:33.500Z',
  label: 'invan',
  metadata: {}
}
{
  message: 'INDEX: Database connection initialized.',
  level: 'info',
  timestamp: '2021-06-16T07:59:33.528Z',
  label: 'invan',
  metadata: {}
}
{
  message: 'INDEX: Server is running on port: 3000',
  level: 'info',
  timestamp: '2021-06-16T07:59:33.531Z',
  label: 'invan',
  metadata: {}
}
{
  message: 'DB: mongo db connection is established',
  level: 'info',
  timestamp: '2021-06-16T07:59:33.552Z',
  label: 'invan',
  metadata: {}
}
{
  message: 'DB: DATABASE URL: mongodb://localhost:27017/invan_project',
  level: 'info',
  timestamp: '2021-06-16T08:00:20.998Z',
  label: 'invan',
  metadata: {}
}
{
  message: 'INDEX: Database connection initialized.',
  level: 'info',
  timestamp: '2021-06-16T08:00:21.024Z',
  label: 'invan',
  metadata: {}
}
{
  message: 'INDEX: Server is running on port: 3000',
  level: 'info',
  timestamp: '2021-06-16T08:00:21.027Z',
  label: 'invan',
  metadata: {}
}
{
  message: 'DB: mongo db connection is established',
  level: 'info',
  timestamp: '2021-06-16T08:00:21.047Z',
  label: 'invan',
  metadata: {}
}
{
  message: 'DB: DATABASE URL: mongodb://localhost:27017/invan_project',
  level: 'info',
  timestamp: '2021-06-16T08:01:13.331Z',
  label: 'invan',
  metadata: {}
}
{
  message: 'INDEX: Database connection initialized.',
  level: 'info',
  timestamp: '2021-06-16T08:01:13.367Z',
  label: 'invan',
  metadata: {}
}
{
  message: 'INDEX: Server is running on port: 3000',
  level: 'info',
  timestamp: '2021-06-16T08:01:13.370Z',
  label: 'invan',
  metadata: {}
}
{
  message: 'DB: mongo db connection is established',
  level: 'info',
  timestamp: '2021-06-16T08:01:13.393Z',
  label: 'invan',
  metadata: {}
}
{
  message: 'DB: DATABASE URL: mongodb://localhost:27017/invan_project',
  level: 'info',
  timestamp: '2021-06-16T08:04:35.448Z',
  label: 'invan',
  metadata: {}
}
{
  message: 'INDEX: Database connection initialized.',
  level: 'info',
  timestamp: '2021-06-16T08:04:35.473Z',
  label: 'invan',
  metadata: {}
}
{
  message: 'INDEX: Server is running on port: 3000',
  level: 'info',
  timestamp: '2021-06-16T08:04:35.476Z',
  label: 'invan',
  metadata: {}
}
{
  message: 'DB: mongo db connection is established',
  level: 'info',
  timestamp: '2021-06-16T08:04:35.495Z',
  label: 'invan',
  metadata: {}
}
{
  message: 'DB: DATABASE URL: mongodb://localhost:27017/invan_project',
  level: 'info',
  timestamp: '2021-06-16T09:26:08.287Z',
  label: 'invan',
  metadata: {}
}
{
  message: 'INDEX: Database connection initialized.',
  level: 'info',
  timestamp: '2021-06-16T09:26:08.333Z',
  label: 'invan',
  metadata: {}
}
{
  message: 'INDEX: Server is running on port: 3000',
  level: 'info',
  timestamp: '2021-06-16T09:26:08.338Z',
  label: 'invan',
  metadata: {}
}
{
  message: 'DB: mongo db connection is established',
  level: 'info',
  timestamp: '2021-06-16T09:26:08.426Z',
  label: 'invan',
  metadata: {}
}
{
  message: 'DB: DATABASE URL: mongodb://localhost:27017/invan_project',
  level: 'info',
  timestamp: '2021-06-16T10:40:42.353Z',
  label: 'invan',
  metadata: {}
}
{
  message: 'INDEX: Database connection initialized.',
  level: 'info',
  timestamp: '2021-06-16T10:40:42.387Z',
  label: 'invan',
  metadata: {}
}
{
  message: 'INDEX: Server is running on port: 3000',
  level: 'info',
  timestamp: '2021-06-16T10:40:42.390Z',
  label: 'invan',
  metadata: {}
}
{
  message: 'DB: mongo db connection is established',
  level: 'info',
  timestamp: '2021-06-16T10:40:42.499Z',
  label: 'invan',
  metadata: {}
}
{
  message: 'storage.user.create: finished with error: ValidationError: sessions.0.ip_address: Path `ip_address` is required.',
  level: 'error',
  timestamp: '2021-06-16T10:41:15.470Z',
  label: 'invan',
  metadata: {}
}
{
  message: 'DB: DATABASE URL: mongodb://localhost:27017/invan_project',
  level: 'info',
  timestamp: '2021-06-16T10:42:22.808Z',
  label: 'invan',
  metadata: {}
}
{
  message: 'INDEX: Database connection initialized.',
  level: 'info',
  timestamp: '2021-06-16T10:42:22.841Z',
  label: 'invan',
  metadata: {}
}
{
  message: 'INDEX: Server is running on port: 3000',
  level: 'info',
  timestamp: '2021-06-16T10:42:22.844Z',
  label: 'invan',
  metadata: {}
}
{
  message: 'DB: mongo db connection is established',
  level: 'info',
  timestamp: '2021-06-16T10:42:22.863Z',
  label: 'invan',
  metadata: {}
}
{
  message: 'DB: DATABASE URL: mongodb://localhost:27017/invan_project',
  level: 'info',
  timestamp: '2021-06-16T10:45:28.671Z',
  label: 'invan',
  metadata: {}
}
{
  message: 'INDEX: Database connection initialized.',
  level: 'info',
  timestamp: '2021-06-16T10:45:28.698Z',
  label: 'invan',
  metadata: {}
}
{
  message: 'INDEX: Server is running on port: 3000',
  level: 'info',
  timestamp: '2021-06-16T10:45:28.700Z',
  label: 'invan',
  metadata: {}
}
{
  message: 'DB: mongo db connection is established',
  level: 'info',
  timestamp: '2021-06-16T10:45:28.724Z',
  label: 'invan',
  metadata: {}
}
{
  message: 'storage.sample.get failed to findOne',
  level: 'warn',
  timestamp: '2021-06-16T11:02:07.071Z',
  label: 'invan',
  metadata: {}
}
{
  message: 'storage.sample.findOne: finished with error: Error: Db object is not found',
  level: 'error',
  timestamp: '2021-06-16T11:02:07.079Z',
  label: 'invan',
  metadata: {}
}
{
  message: 'storage.sample.get failed to findOne',
  level: 'warn',
  timestamp: '2021-06-16T11:07:31.259Z',
  label: 'invan',
  metadata: {}
}
{
  message: 'storage.sample.findOne: finished with error: Error: Db object is not found',
  level: 'error',
  timestamp: '2021-06-16T11:07:31.261Z',
  label: 'invan',
  metadata: {}
}
