{
  message: 'GET: \x1B[32m200\x1B[39m 22ms /status',
  level: 'info',
  timestamp: '2021-06-10T06:55:28.367Z',
  label: 'invan',
  metadata: {
    meta: {
      req: {
        url: '/status',
        headers: {
          'user-agent': 'PostmanRuntime/7.28.0',
          accept: '*/*',
          'postman-token': '7446b96d-a441-479a-bbe2-7c1cda95f4f0',
          host: 'localhost:3000',
          'accept-encoding': 'gzip, deflate, br',
          connection: 'keep-alive'
        },
        method: 'GET',
        httpVersion: '1.1',
        originalUrl: '/status',
        query: {}
      },
      res: { statusCode: 200 },
      responseTime: 22
    }
  }
}
{
  message: 'GET: \x1B[33m404\x1B[39m 3ms /user/register',
  level: 'info',
  timestamp: '2021-06-10T06:58:16.114Z',
  label: 'invan',
  metadata: {
    meta: {
      req: {
        url: '/user/register',
        headers: {
          'content-type': 'text/plain',
          'user-agent': 'PostmanRuntime/7.28.0',
          accept: '*/*',
          'postman-token': '3165272c-c91d-4b2d-9bc5-65964b48f153',
          host: 'localhost:3000',
          'accept-encoding': 'gzip, deflate, br',
          connection: 'keep-alive',
          'content-length': '88'
        },
        method: 'GET',
        httpVersion: '1.1',
        originalUrl: '/user/register',
        query: {}
      },
      res: { statusCode: 404 },
      responseTime: 3
    }
  }
}
{
  message: 'POST: \x1B[31m500\x1B[39m 395ms /user/register',
  level: 'info',
  timestamp: '2021-06-10T06:58:28.465Z',
  label: 'invan',
  metadata: {
    meta: {
      req: {
        url: '/user/register',
        headers: {
          'content-type': 'text/plain',
          'user-agent': 'PostmanRuntime/7.28.0',
          accept: '*/*',
          'postman-token': 'b8f3de2e-d729-4059-8546-e2c8e6f4a26c',
          host: 'localhost:3000',
          'accept-encoding': 'gzip, deflate, br',
          connection: 'keep-alive',
          'content-length': '88'
        },
        method: 'POST',
        httpVersion: '1.1',
        originalUrl: '/user/register',
        query: {}
      },
      res: { statusCode: 500 },
      responseTime: 395
    }
  }
}
{
  message: 'POST: \x1B[31m500\x1B[39m 232ms /user/register',
  level: 'info',
  timestamp: '2021-06-10T06:58:58.338Z',
  label: 'invan',
  metadata: {
    meta: {
      req: {
        url: '/user/register',
        headers: {
          'content-type': 'text/plain',
          'user-agent': 'PostmanRuntime/7.28.0',
          accept: '*/*',
          'postman-token': 'a80d7ba8-f7dc-4415-8c81-d9863f8ccec8',
          host: 'localhost:3000',
          'accept-encoding': 'gzip, deflate, br',
          connection: 'keep-alive',
          'content-length': '88'
        },
        method: 'POST',
        httpVersion: '1.1',
        originalUrl: '/user/register',
        query: {}
      },
      res: { statusCode: 500 },
      responseTime: 232
    }
  }
}
{
  message: 'POST: \x1B[31m500\x1B[39m 393ms /user/register',
  level: 'info',
  timestamp: '2021-06-10T07:00:25.795Z',
  label: 'invan',
  metadata: {
    meta: {
      req: {
        url: '/user/register',
        headers: {
          'content-type': 'text/plain',
          'user-agent': 'PostmanRuntime/7.28.0',
          accept: '*/*',
          'postman-token': '7d942ce6-9e50-4f98-aeb9-ca5deb2409f6',
          host: 'localhost:3000',
          'accept-encoding': 'gzip, deflate, br',
          connection: 'keep-alive',
          'content-length': '88'
        },
        method: 'POST',
        httpVersion: '1.1',
        originalUrl: '/user/register',
        query: {}
      },
      res: { statusCode: 500 },
      responseTime: 393
    }
  }
}
{
  message: 'POST: \x1B[31m500\x1B[39m 564ms /user/register',
  level: 'info',
  timestamp: '2021-06-10T07:06:01.990Z',
  label: 'invan',
  metadata: {
    meta: {
      req: {
        url: '/user/register',
        headers: {
          'content-type': 'text/plain',
          'user-agent': 'PostmanRuntime/7.28.0',
          accept: '*/*',
          'postman-token': '5a37f305-118d-4c79-90f0-c50b29f46dfd',
          host: 'localhost:3000',
          'accept-encoding': 'gzip, deflate, br',
          connection: 'keep-alive',
          'content-length': '88'
        },
        method: 'POST',
        httpVersion: '1.1',
        originalUrl: '/user/register',
        query: {}
      },
      res: { statusCode: 500 },
      responseTime: 564
    }
  }
}
{
  message: 'POST: \x1B[32m200\x1B[39m 486ms /user/register',
  level: 'info',
  timestamp: '2021-06-10T07:09:50.514Z',
  label: 'invan',
  metadata: {
    meta: {
      req: {
        url: '/user/register',
        headers: {
          'content-type': 'application/json',
          'user-agent': 'PostmanRuntime/7.28.0',
          accept: '*/*',
          'postman-token': '16e949d3-64e3-4ade-b85a-41d56a233b73',
          host: 'localhost:3000',
          'accept-encoding': 'gzip, deflate, br',
          connection: 'keep-alive',
          'content-length': '88'
        },
        method: 'POST',
        httpVersion: '1.1',
        originalUrl: '/user/register',
        query: {}
      },
      res: { statusCode: 200 },
      responseTime: 486
    }
  }
}
{
  message: 'POST: \x1B[32m200\x1B[39m 150ms /user/register',
  level: 'info',
  timestamp: '2021-06-10T07:12:03.047Z',
  label: 'invan',
  metadata: {
    meta: {
      req: {
        url: '/user/register',
        headers: {
          'content-type': 'application/json',
          'user-agent': 'PostmanRuntime/7.28.0',
          accept: '*/*',
          'postman-token': '457b5944-e82a-4792-9135-a3ad91382213',
          host: 'localhost:3000',
          'accept-encoding': 'gzip, deflate, br',
          connection: 'keep-alive',
          'content-length': '108'
        },
        method: 'POST',
        httpVersion: '1.1',
        originalUrl: '/user/register',
        query: {}
      },
      res: { statusCode: 200 },
      responseTime: 150
    }
  }
}
{
  message: 'POST: \x1B[32m200\x1B[39m 7ms /user/register',
  level: 'info',
  timestamp: '2021-06-10T07:12:16.050Z',
  label: 'invan',
  metadata: {
    meta: {
      req: {
        url: '/user/register',
        headers: {
          'content-type': 'application/json',
          'user-agent': 'PostmanRuntime/7.28.0',
          accept: '*/*',
          'postman-token': '11b83d86-117a-4231-b81b-efd3ea4bd85d',
          host: 'localhost:3000',
          'accept-encoding': 'gzip, deflate, br',
          connection: 'keep-alive',
          'content-length': '108'
        },
        method: 'POST',
        httpVersion: '1.1',
        originalUrl: '/user/register',
        query: {}
      },
      res: { statusCode: 200 },
      responseTime: 7
    }
  }
}
{
  message: 'POST: \x1B[32m200\x1B[39m 5ms /user/register',
  level: 'info',
  timestamp: '2021-06-10T07:12:39.979Z',
  label: 'invan',
  metadata: {
    meta: {
      req: {
        url: '/user/register',
        headers: {
          'content-type': 'application/json',
          'user-agent': 'PostmanRuntime/7.28.0',
          accept: '*/*',
          'postman-token': '72f4305e-5345-418f-ac71-a89c2d606439',
          host: 'localhost:3000',
          'accept-encoding': 'gzip, deflate, br',
          connection: 'keep-alive',
          'content-length': '108'
        },
        method: 'POST',
        httpVersion: '1.1',
        originalUrl: '/user/register',
        query: {}
      },
      res: { statusCode: 200 },
      responseTime: 5
    }
  }
}
{
  message: 'POST: \x1B[32m200\x1B[39m 118ms /user/register',
  level: 'info',
  timestamp: '2021-06-10T07:15:10.627Z',
  label: 'invan',
  metadata: {
    meta: {
      req: {
        url: '/user/register',
        headers: {
          'content-type': 'application/json',
          'user-agent': 'PostmanRuntime/7.28.0',
          accept: '*/*',
          'postman-token': '28e0aa4b-e056-401b-9e6f-8e2f1c7d6233',
          host: 'localhost:3000',
          'accept-encoding': 'gzip, deflate, br',
          connection: 'keep-alive',
          'content-length': '108'
        },
        method: 'POST',
        httpVersion: '1.1',
        originalUrl: '/user/register',
        query: {}
      },
      res: { statusCode: 200 },
      responseTime: 118
    }
  }
}
{
  message: 'POST: \x1B[32m200\x1B[39m 102ms /user/register',
  level: 'info',
  timestamp: '2021-06-10T07:18:53.536Z',
  label: 'invan',
  metadata: {
    meta: {
      req: {
        url: '/user/register',
        headers: {
          'content-type': 'application/json',
          'user-agent': 'PostmanRuntime/7.28.0',
          accept: '*/*',
          'postman-token': 'b8af8138-45c1-4337-b1aa-94579d29d466',
          host: 'localhost:3000',
          'accept-encoding': 'gzip, deflate, br',
          connection: 'keep-alive',
          'content-length': '108'
        },
        method: 'POST',
        httpVersion: '1.1',
        originalUrl: '/user/register',
        query: {}
      },
      res: { statusCode: 200 },
      responseTime: 102
    }
  }
}
{
  message: 'POST: \x1B[32m200\x1B[39m 147ms /user/register',
  level: 'info',
  timestamp: '2021-06-10T07:19:16.127Z',
  label: 'invan',
  metadata: {
    meta: {
      req: {
        url: '/user/register',
        headers: {
          'content-type': 'application/json',
          'user-agent': 'PostmanRuntime/7.28.0',
          accept: '*/*',
          'postman-token': 'f78b43bc-c105-4045-a5e8-467825169659',
          host: 'localhost:3000',
          'accept-encoding': 'gzip, deflate, br',
          connection: 'keep-alive',
          'content-length': '106'
        },
        method: 'POST',
        httpVersion: '1.1',
        originalUrl: '/user/register',
        query: {}
      },
      res: { statusCode: 200 },
      responseTime: 147
    }
  }
}
{
  message: 'POST: \x1B[33m404\x1B[39m 5ms /user/register',
  level: 'info',
  timestamp: '2021-06-10T07:20:05.273Z',
  label: 'invan',
  metadata: {
    meta: {
      req: {
        url: '/user/register',
        headers: {
          'content-type': 'application/json',
          'user-agent': 'PostmanRuntime/7.28.0',
          accept: '*/*',
          'postman-token': '44b29491-e5a4-4dbf-b95f-ad7e2f49e955',
          host: 'localhost:3000',
          'accept-encoding': 'gzip, deflate, br',
          connection: 'keep-alive',
          'content-length': '107'
        },
        method: 'POST',
        httpVersion: '1.1',
        originalUrl: '/user/register',
        query: {}
      },
      res: { statusCode: 404 },
      responseTime: 5
    }
  }
}
{
  message: 'POST: \x1B[33m404\x1B[39m 2ms /register',
  level: 'info',
  timestamp: '2021-06-10T07:23:19.835Z',
  label: 'invan',
  metadata: {
    meta: {
      req: {
        url: '/register',
        headers: {
          host: '192.168.1.118:3000',
          connection: 'keep-alive',
          'content-length': '72',
          accept: 'application/json, text/plain, */*',
          'user-agent': 'Mozilla/5.0 (Windows NT 10.0; Win64; x64) AppleWebKit/537.36 (KHTML, like Gecko) Chrome/91.0.4472.101 Safari/537.36',
          'content-type': 'application/json;charset=UTF-8',
          origin: 'http://localhost:3000',
          referer: 'http://localhost:3000/',
          'accept-encoding': 'gzip, deflate',
          'accept-language': 'uz-UZ,uz;q=0.9,ru-RU;q=0.8,ru;q=0.7,en-US;q=0.6,en;q=0.5'
        },
        method: 'POST',
        httpVersion: '1.1',
        originalUrl: '/register',
        query: {}
      },
      res: { statusCode: 404 },
      responseTime: 2
    }
  }
}
{
  message: 'POST: \x1B[33m404\x1B[39m 1ms /register',
  level: 'info',
  timestamp: '2021-06-10T07:23:49.371Z',
  label: 'invan',
  metadata: {
    meta: {
      req: {
        url: '/register',
        headers: {
          host: '192.168.1.118:3000',
          connection: 'keep-alive',
          'content-length': '72',
          accept: 'application/json, text/plain, */*',
          'user-agent': 'Mozilla/5.0 (Windows NT 10.0; Win64; x64) AppleWebKit/537.36 (KHTML, like Gecko) Chrome/91.0.4472.101 Safari/537.36',
          'content-type': 'application/json;charset=UTF-8',
          origin: 'http://localhost:3000',
          referer: 'http://localhost:3000/',
          'accept-encoding': 'gzip, deflate',
          'accept-language': 'uz-UZ,uz;q=0.9,ru-RU;q=0.8,ru;q=0.7,en-US;q=0.6,en;q=0.5'
        },
        method: 'POST',
        httpVersion: '1.1',
        originalUrl: '/register',
        query: {}
      },
      res: { statusCode: 404 },
      responseTime: 1
    }
  }
}
{
  message: 'POST: \x1B[32m200\x1B[39m 512ms /user/register',
  level: 'info',
  timestamp: '2021-06-10T07:24:13.934Z',
  label: 'invan',
  metadata: {
    meta: {
      req: {
        url: '/user/register',
        headers: {
          host: '192.168.1.118:3000',
          connection: 'keep-alive',
          'content-length': '72',
          accept: 'application/json, text/plain, */*',
          'user-agent': 'Mozilla/5.0 (Windows NT 10.0; Win64; x64) AppleWebKit/537.36 (KHTML, like Gecko) Chrome/91.0.4472.101 Safari/537.36',
          'content-type': 'application/json;charset=UTF-8',
          origin: 'http://localhost:3000',
          referer: 'http://localhost:3000/',
          'accept-encoding': 'gzip, deflate',
          'accept-language': 'uz-UZ,uz;q=0.9,ru-RU;q=0.8,ru;q=0.7,en-US;q=0.6,en;q=0.5'
        },
        method: 'POST',
        httpVersion: '1.1',
        originalUrl: '/user/register',
        query: {}
      },
      res: { statusCode: 200 },
      responseTime: 512
    }
  }
}
{
  message: 'POST: \x1B[32m200\x1B[39m 78ms /user/register',
  level: 'info',
  timestamp: '2021-06-10T07:24:26.425Z',
  label: 'invan',
  metadata: {
    meta: {
      req: {
        url: '/user/register',
        headers: {
          host: '192.168.1.118:3000',
          connection: 'keep-alive',
          'content-length': '86',
          accept: 'application/json, text/plain, */*',
          'user-agent': 'Mozilla/5.0 (Windows NT 10.0; Win64; x64) AppleWebKit/537.36 (KHTML, like Gecko) Chrome/91.0.4472.101 Safari/537.36',
          'content-type': 'application/json;charset=UTF-8',
          origin: 'http://localhost:3000',
          referer: 'http://localhost:3000/',
          'accept-encoding': 'gzip, deflate',
          'accept-language': 'uz-UZ,uz;q=0.9,ru-RU;q=0.8,ru;q=0.7,en-US;q=0.6,en;q=0.5'
        },
        method: 'POST',
        httpVersion: '1.1',
        originalUrl: '/user/register',
        query: {}
      },
      res: { statusCode: 200 },
      responseTime: 78
    }
  }
}
{
  message: 'POST: \x1B[32m200\x1B[39m 14ms /user/register',
  level: 'info',
  timestamp: '2021-06-10T07:24:38.421Z',
  label: 'invan',
  metadata: {
    meta: {
      req: {
        url: '/user/register',
        headers: {
          host: '192.168.1.118:3000',
          connection: 'keep-alive',
          'content-length': '86',
          accept: 'application/json, text/plain, */*',
          'user-agent': 'Mozilla/5.0 (Windows NT 10.0; Win64; x64) AppleWebKit/537.36 (KHTML, like Gecko) Chrome/91.0.4472.101 Safari/537.36',
          'content-type': 'application/json;charset=UTF-8',
          origin: 'http://localhost:3000',
          referer: 'http://localhost:3000/',
          'accept-encoding': 'gzip, deflate',
          'accept-language': 'uz-UZ,uz;q=0.9,ru-RU;q=0.8,ru;q=0.7,en-US;q=0.6,en;q=0.5'
        },
        method: 'POST',
        httpVersion: '1.1',
        originalUrl: '/user/register',
        query: {}
      },
      res: { statusCode: 200 },
      responseTime: 14
    }
  }
}
{
  message: 'POST: \x1B[32m200\x1B[39m 3ms /user/register',
  level: 'info',
  timestamp: '2021-06-10T07:24:40.527Z',
  label: 'invan',
  metadata: {
    meta: {
      req: {
        url: '/user/register',
        headers: {
          host: '192.168.1.118:3000',
          connection: 'keep-alive',
          'content-length': '86',
          accept: 'application/json, text/plain, */*',
          'user-agent': 'Mozilla/5.0 (Windows NT 10.0; Win64; x64) AppleWebKit/537.36 (KHTML, like Gecko) Chrome/91.0.4472.101 Safari/537.36',
          'content-type': 'application/json;charset=UTF-8',
          origin: 'http://localhost:3000',
          referer: 'http://localhost:3000/',
          'accept-encoding': 'gzip, deflate',
          'accept-language': 'uz-UZ,uz;q=0.9,ru-RU;q=0.8,ru;q=0.7,en-US;q=0.6,en;q=0.5'
        },
        method: 'POST',
        httpVersion: '1.1',
        originalUrl: '/user/register',
        query: {}
      },
      res: { statusCode: 200 },
      responseTime: 3
    }
  }
}
{
  message: 'POST: \x1B[32m200\x1B[39m 2ms /user/register',
  level: 'info',
  timestamp: '2021-06-10T07:24:42.685Z',
  label: 'invan',
  metadata: {
    meta: {
      req: {
        url: '/user/register',
        headers: {
          host: '192.168.1.118:3000',
          connection: 'keep-alive',
          'content-length': '86',
          accept: 'application/json, text/plain, */*',
          'user-agent': 'Mozilla/5.0 (Windows NT 10.0; Win64; x64) AppleWebKit/537.36 (KHTML, like Gecko) Chrome/91.0.4472.101 Safari/537.36',
          'content-type': 'application/json;charset=UTF-8',
          origin: 'http://localhost:3000',
          referer: 'http://localhost:3000/',
          'accept-encoding': 'gzip, deflate',
          'accept-language': 'uz-UZ,uz;q=0.9,ru-RU;q=0.8,ru;q=0.7,en-US;q=0.6,en;q=0.5'
        },
        method: 'POST',
        httpVersion: '1.1',
        originalUrl: '/user/register',
        query: {}
      },
      res: { statusCode: 200 },
      responseTime: 2
    }
  }
}
{
  message: 'POST: \x1B[32m200\x1B[39m 1836ms /user/register',
  level: 'info',
  timestamp: '2021-06-10T07:25:58.161Z',
  label: 'invan',
  metadata: {
    meta: {
      req: {
        url: '/user/register',
        headers: {
          host: '192.168.1.118:3000',
          connection: 'keep-alive',
          'content-length': '72',
          accept: 'application/json, text/plain, */*',
          'user-agent': 'Mozilla/5.0 (Windows NT 10.0; Win64; x64) AppleWebKit/537.36 (KHTML, like Gecko) Chrome/91.0.4472.101 Safari/537.36',
          'content-type': 'application/json;charset=UTF-8',
          origin: 'http://localhost:3000',
          referer: 'http://localhost:3000/',
          'accept-encoding': 'gzip, deflate',
          'accept-language': 'uz-UZ,uz;q=0.9,ru-RU;q=0.8,ru;q=0.7,en-US;q=0.6,en;q=0.5'
        },
        method: 'POST',
        httpVersion: '1.1',
        originalUrl: '/user/register',
        query: {}
      },
      res: { statusCode: 200 },
      responseTime: 1836
    }
  }
}
{
  message: 'POST: \x1B[32m200\x1B[39m 9ms /user/register',
  level: 'info',
  timestamp: '2021-06-10T07:26:07.385Z',
  label: 'invan',
  metadata: {
    meta: {
      req: {
        url: '/user/register',
        headers: {
          host: '192.168.1.118:3000',
          connection: 'keep-alive',
          'content-length': '86',
          accept: 'application/json, text/plain, */*',
          'user-agent': 'Mozilla/5.0 (Windows NT 10.0; Win64; x64) AppleWebKit/537.36 (KHTML, like Gecko) Chrome/91.0.4472.101 Safari/537.36',
          'content-type': 'application/json;charset=UTF-8',
          origin: 'http://localhost:3000',
          referer: 'http://localhost:3000/',
          'accept-encoding': 'gzip, deflate',
          'accept-language': 'uz-UZ,uz;q=0.9,ru-RU;q=0.8,ru;q=0.7,en-US;q=0.6,en;q=0.5'
        },
        method: 'POST',
        httpVersion: '1.1',
        originalUrl: '/user/register',
        query: {}
      },
      res: { statusCode: 200 },
      responseTime: 9
    }
  }
}
{
  message: 'POST: \x1B[32m200\x1B[39m 601ms /user/register',
  level: 'info',
  timestamp: '2021-06-10T07:33:26.048Z',
  label: 'invan',
  metadata: {
    meta: {
      req: {
        url: '/user/register',
        headers: {
          host: '192.168.1.118:3000',
          connection: 'keep-alive',
          'content-length': '72',
          accept: 'application/json, text/plain, */*',
          'user-agent': 'Mozilla/5.0 (Windows NT 10.0; Win64; x64) AppleWebKit/537.36 (KHTML, like Gecko) Chrome/91.0.4472.101 Safari/537.36',
          'content-type': 'application/json;charset=UTF-8',
          origin: 'http://localhost:3000',
          referer: 'http://localhost:3000/',
          'accept-encoding': 'gzip, deflate',
          'accept-language': 'uz-UZ,uz;q=0.9,ru-RU;q=0.8,ru;q=0.7,en-US;q=0.6,en;q=0.5'
        },
        method: 'POST',
        httpVersion: '1.1',
        originalUrl: '/user/register',
        query: {}
      },
      res: { statusCode: 200 },
      responseTime: 601
    }
  }
}
{
  message: 'POST: \x1B[32m200\x1B[39m 25ms /user/register',
  level: 'info',
  timestamp: '2021-06-10T07:33:51.323Z',
  label: 'invan',
  metadata: {
    meta: {
      req: {
        url: '/user/register',
        headers: {
          host: '192.168.1.118:3000',
          connection: 'keep-alive',
          'content-length': '86',
          accept: 'application/json, text/plain, */*',
          'user-agent': 'Mozilla/5.0 (Windows NT 10.0; Win64; x64) AppleWebKit/537.36 (KHTML, like Gecko) Chrome/91.0.4472.101 Safari/537.36',
          'content-type': 'application/json;charset=UTF-8',
          origin: 'http://localhost:3000',
          referer: 'http://localhost:3000/',
          'accept-encoding': 'gzip, deflate',
          'accept-language': 'uz-UZ,uz;q=0.9,ru-RU;q=0.8,ru;q=0.7,en-US;q=0.6,en;q=0.5'
        },
        method: 'POST',
        httpVersion: '1.1',
        originalUrl: '/user/register',
        query: {}
      },
      res: { statusCode: 200 },
      responseTime: 25
    }
  }
}
{
  message: 'POST: \x1B[32m200\x1B[39m 2974ms /user/register',
  level: 'info',
  timestamp: '2021-06-10T07:35:45.652Z',
  label: 'invan',
  metadata: {
    meta: {
      req: {
        url: '/user/register',
        headers: {
          host: '192.168.1.118:3000',
          connection: 'keep-alive',
          'content-length': '72',
          accept: 'application/json, text/plain, */*',
          'user-agent': 'Mozilla/5.0 (Windows NT 10.0; Win64; x64) AppleWebKit/537.36 (KHTML, like Gecko) Chrome/91.0.4472.101 Safari/537.36',
          'content-type': 'application/json;charset=UTF-8',
          origin: 'http://localhost:3000',
          referer: 'http://localhost:3000/',
          'accept-encoding': 'gzip, deflate',
          'accept-language': 'uz-UZ,uz;q=0.9,ru-RU;q=0.8,ru;q=0.7,en-US;q=0.6,en;q=0.5'
        },
        method: 'POST',
        httpVersion: '1.1',
        originalUrl: '/user/register',
        query: {}
      },
      res: { statusCode: 200 },
      responseTime: 2974
    }
  }
}
{
  message: 'POST: \x1B[32m200\x1B[39m 32ms /user/register',
  level: 'info',
  timestamp: '2021-06-10T07:36:09.597Z',
  label: 'invan',
  metadata: {
    meta: {
      req: {
        url: '/user/register',
        headers: {
          host: '192.168.1.118:3000',
          connection: 'keep-alive',
          'content-length': '86',
          accept: 'application/json, text/plain, */*',
          'user-agent': 'Mozilla/5.0 (Windows NT 10.0; Win64; x64) AppleWebKit/537.36 (KHTML, like Gecko) Chrome/91.0.4472.101 Safari/537.36',
          'content-type': 'application/json;charset=UTF-8',
          origin: 'http://localhost:3000',
          referer: 'http://localhost:3000/',
          'accept-encoding': 'gzip, deflate',
          'accept-language': 'uz-UZ,uz;q=0.9,ru-RU;q=0.8,ru;q=0.7,en-US;q=0.6,en;q=0.5'
        },
        method: 'POST',
        httpVersion: '1.1',
        originalUrl: '/user/register',
        query: {}
      },
      res: { statusCode: 200 },
      responseTime: 32
    }
  }
}
{
  message: 'POST: \x1B[32m200\x1B[39m 314ms /user/register',
  level: 'info',
  timestamp: '2021-06-10T07:43:07.951Z',
  label: 'invan',
  metadata: {
    meta: {
      req: {
        url: '/user/register',
        headers: {
          host: '192.168.1.118:3000',
          connection: 'keep-alive',
          'content-length': '72',
          accept: 'application/json, text/plain, */*',
          'user-agent': 'Mozilla/5.0 (Windows NT 10.0; Win64; x64) AppleWebKit/537.36 (KHTML, like Gecko) Chrome/91.0.4472.101 Safari/537.36',
          'content-type': 'application/json;charset=UTF-8',
          origin: 'http://localhost:3000',
          referer: 'http://localhost:3000/',
          'accept-encoding': 'gzip, deflate',
          'accept-language': 'uz-UZ,uz;q=0.9,ru-RU;q=0.8,ru;q=0.7,en-US;q=0.6,en;q=0.5'
        },
        method: 'POST',
        httpVersion: '1.1',
        originalUrl: '/user/register',
        query: {}
      },
      res: { statusCode: 200 },
      responseTime: 314
    }
  }
}
{
  message: 'POST: \x1B[32m200\x1B[39m 44ms /user/register',
  level: 'info',
  timestamp: '2021-06-10T07:43:19.621Z',
  label: 'invan',
  metadata: {
    meta: {
      req: {
        url: '/user/register',
        headers: {
          host: '192.168.1.118:3000',
          connection: 'keep-alive',
          'content-length': '86',
          accept: 'application/json, text/plain, */*',
          'user-agent': 'Mozilla/5.0 (Windows NT 10.0; Win64; x64) AppleWebKit/537.36 (KHTML, like Gecko) Chrome/91.0.4472.101 Safari/537.36',
          'content-type': 'application/json;charset=UTF-8',
          origin: 'http://localhost:3000',
          referer: 'http://localhost:3000/',
          'accept-encoding': 'gzip, deflate',
          'accept-language': 'uz-UZ,uz;q=0.9,ru-RU;q=0.8,ru;q=0.7,en-US;q=0.6,en;q=0.5'
        },
        method: 'POST',
        httpVersion: '1.1',
        originalUrl: '/user/register',
        query: {}
      },
      res: { statusCode: 200 },
      responseTime: 44
    }
  }
}
{
  message: 'POST: \x1B[32m200\x1B[39m 1922ms /user/register',
  level: 'info',
  timestamp: '2021-06-10T07:45:46.487Z',
  label: 'invan',
  metadata: {
    meta: {
      req: {
        url: '/user/register',
        headers: {
          host: '192.168.1.118:3000',
          connection: 'keep-alive',
          'content-length': '72',
          accept: 'application/json, text/plain, */*',
          'user-agent': 'Mozilla/5.0 (Windows NT 10.0; Win64; x64) AppleWebKit/537.36 (KHTML, like Gecko) Chrome/91.0.4472.101 Safari/537.36',
          'content-type': 'application/json;charset=UTF-8',
          origin: 'http://localhost:3000',
          referer: 'http://localhost:3000/',
          'accept-encoding': 'gzip, deflate',
          'accept-language': 'uz-UZ,uz;q=0.9,ru-RU;q=0.8,ru;q=0.7,en-US;q=0.6,en;q=0.5'
        },
        method: 'POST',
        httpVersion: '1.1',
        originalUrl: '/user/register',
        query: {}
      },
      res: { statusCode: 200 },
      responseTime: 1922
    }
  }
}
{
  message: 'POST: \x1B[32m200\x1B[39m 39ms /user/register',
  level: 'info',
  timestamp: '2021-06-10T07:45:57.355Z',
  label: 'invan',
  metadata: {
    meta: {
      req: {
        url: '/user/register',
        headers: {
          host: '192.168.1.118:3000',
          connection: 'keep-alive',
          'content-length': '86',
          accept: 'application/json, text/plain, */*',
          'user-agent': 'Mozilla/5.0 (Windows NT 10.0; Win64; x64) AppleWebKit/537.36 (KHTML, like Gecko) Chrome/91.0.4472.101 Safari/537.36',
          'content-type': 'application/json;charset=UTF-8',
          origin: 'http://localhost:3000',
          referer: 'http://localhost:3000/',
          'accept-encoding': 'gzip, deflate',
          'accept-language': 'uz-UZ,uz;q=0.9,ru-RU;q=0.8,ru;q=0.7,en-US;q=0.6,en;q=0.5'
        },
        method: 'POST',
        httpVersion: '1.1',
        originalUrl: '/user/register',
        query: {}
      },
      res: { statusCode: 200 },
      responseTime: 39
    }
  }
}
{
  message: 'POST: \x1B[32m200\x1B[39m 281ms /user/register',
  level: 'info',
  timestamp: '2021-06-10T07:47:43.162Z',
  label: 'invan',
  metadata: {
    meta: {
      req: {
        url: '/user/register',
        headers: {
          host: '192.168.1.118:3000',
          connection: 'keep-alive',
          'content-length': '72',
          accept: 'application/json, text/plain, */*',
          'user-agent': 'Mozilla/5.0 (Windows NT 10.0; Win64; x64) AppleWebKit/537.36 (KHTML, like Gecko) Chrome/91.0.4472.101 Safari/537.36',
          'content-type': 'application/json;charset=UTF-8',
          origin: 'http://localhost:3000',
          referer: 'http://localhost:3000/',
          'accept-encoding': 'gzip, deflate',
          'accept-language': 'uz-UZ,uz;q=0.9,ru-RU;q=0.8,ru;q=0.7,en-US;q=0.6,en;q=0.5'
        },
        method: 'POST',
        httpVersion: '1.1',
        originalUrl: '/user/register',
        query: {}
      },
      res: { statusCode: 200 },
      responseTime: 281
    }
  }
}
{
  message: 'POST: \x1B[32m200\x1B[39m 21ms /user/register',
  level: 'info',
  timestamp: '2021-06-10T07:47:52.513Z',
  label: 'invan',
  metadata: {
    meta: {
      req: {
        url: '/user/register',
        headers: {
          host: '192.168.1.118:3000',
          connection: 'keep-alive',
          'content-length': '86',
          accept: 'application/json, text/plain, */*',
          'user-agent': 'Mozilla/5.0 (Windows NT 10.0; Win64; x64) AppleWebKit/537.36 (KHTML, like Gecko) Chrome/91.0.4472.101 Safari/537.36',
          'content-type': 'application/json;charset=UTF-8',
          origin: 'http://localhost:3000',
          referer: 'http://localhost:3000/',
          'accept-encoding': 'gzip, deflate',
          'accept-language': 'uz-UZ,uz;q=0.9,ru-RU;q=0.8,ru;q=0.7,en-US;q=0.6,en;q=0.5'
        },
        method: 'POST',
        httpVersion: '1.1',
        originalUrl: '/user/register',
        query: {}
      },
      res: { statusCode: 200 },
      responseTime: 21
    }
  }
}
{
  message: 'POST: \x1B[33m404\x1B[39m 45ms /user/register',
  level: 'info',
  timestamp: '2021-06-10T08:00:44.641Z',
  label: 'invan',
  metadata: {
    meta: {
      req: {
        url: '/user/register',
        headers: {
          'content-type': 'application/json',
          'user-agent': 'PostmanRuntime/7.28.0',
          accept: '*/*',
          'postman-token': 'eb340f11-e632-4bd7-9f15-b711923c20c0',
          host: 'localhost:3000',
          'accept-encoding': 'gzip, deflate, br',
          connection: 'keep-alive',
          'content-length': '110'
        },
        method: 'POST',
        httpVersion: '1.1',
        originalUrl: '/user/register',
        query: {}
      },
      res: { statusCode: 404 },
      responseTime: 45
    }
  }
}
{
  message: 'POST: \x1B[33m404\x1B[39m 27ms /user/register',
  level: 'info',
  timestamp: '2021-06-10T08:01:39.961Z',
  label: 'invan',
  metadata: {
    meta: {
      req: {
        url: '/user/register',
        headers: {
          'content-type': 'application/json',
          'user-agent': 'PostmanRuntime/7.28.0',
          accept: '*/*',
          'postman-token': '992ea285-7cdc-44a9-938c-3ea8fe4a58fd',
          host: 'localhost:3000',
          'accept-encoding': 'gzip, deflate, br',
          connection: 'keep-alive',
          'content-length': '110'
        },
        method: 'POST',
        httpVersion: '1.1',
        originalUrl: '/user/register',
        query: {}
      },
      res: { statusCode: 404 },
      responseTime: 27
    }
  }
}
{
  message: 'POST: \x1B[33m404\x1B[39m 35ms /user/register',
  level: 'info',
  timestamp: '2021-06-10T08:06:19.322Z',
  label: 'invan',
  metadata: {
    meta: {
      req: {
        url: '/user/register',
        headers: {
          'content-type': 'application/json',
          'user-agent': 'PostmanRuntime/7.28.0',
          accept: '*/*',
          'postman-token': '308e3b3d-2aef-4431-ae48-825073274781',
          host: 'localhost:3000',
          'accept-encoding': 'gzip, deflate, br',
          connection: 'keep-alive',
          'content-length': '110'
        },
        method: 'POST',
        httpVersion: '1.1',
        originalUrl: '/user/register',
        query: {}
      },
      res: { statusCode: 404 },
      responseTime: 35
    }
  }
}
{
  message: 'POST: \x1B[33m404\x1B[39m 7ms /user/register',
  level: 'info',
  timestamp: '2021-06-10T08:06:35.602Z',
  label: 'invan',
  metadata: {
    meta: {
      req: {
        url: '/user/register',
        headers: {
          'content-type': 'application/json',
          'user-agent': 'PostmanRuntime/7.28.0',
          accept: '*/*',
          'postman-token': 'b661e3c4-b7d1-419d-97fd-48ef5e07a73d',
          host: 'localhost:3000',
          'accept-encoding': 'gzip, deflate, br',
          connection: 'keep-alive',
          'content-length': '107'
        },
        method: 'POST',
        httpVersion: '1.1',
        originalUrl: '/user/register',
        query: {}
      },
      res: { statusCode: 404 },
      responseTime: 7
    }
  }
}
{
  message: 'POST: \x1B[32m200\x1B[39m 1844ms /user/register',
  level: 'info',
  timestamp: '2021-06-10T08:08:16.468Z',
  label: 'invan',
  metadata: {
    meta: {
      req: {
        url: '/user/register',
        headers: {
          'content-type': 'application/json',
          'user-agent': 'PostmanRuntime/7.28.0',
          accept: '*/*',
          'postman-token': '760d95d8-83eb-49c3-a3bb-7347c8494e1d',
          host: 'localhost:3000',
          'accept-encoding': 'gzip, deflate, br',
          connection: 'keep-alive',
          'content-length': '90'
        },
        method: 'POST',
        httpVersion: '1.1',
        originalUrl: '/user/register',
        query: {}
      },
      res: { statusCode: 200 },
      responseTime: 1844
    }
  }
}
{
  message: 'POST: \x1B[32m200\x1B[39m 322ms /user/register',
  level: 'info',
  timestamp: '2021-06-10T08:08:59.335Z',
  label: 'invan',
  metadata: {
    meta: {
      req: {
        url: '/user/register',
        headers: {
          'content-type': 'application/json',
          'user-agent': 'PostmanRuntime/7.28.0',
          accept: '*/*',
          'postman-token': '72bc8d8f-beac-409b-bd33-82b4f22613ba',
          host: 'localhost:3000',
          'accept-encoding': 'gzip, deflate, br',
          connection: 'keep-alive',
          'content-length': '91'
        },
        method: 'POST',
        httpVersion: '1.1',
        originalUrl: '/user/register',
        query: {}
      },
      res: { statusCode: 200 },
      responseTime: 322
    }
  }
}
{
  message: 'POST: \x1B[32m200\x1B[39m 333ms /user/register',
  level: 'info',
  timestamp: '2021-06-10T08:17:30.798Z',
  label: 'invan',
  metadata: {
    meta: {
      req: {
        url: '/user/register',
        headers: {
          'content-type': 'application/json',
          'user-agent': 'PostmanRuntime/7.28.0',
          accept: '*/*',
          'postman-token': '821af916-6ed6-46b4-b751-a7e8fb27a778',
          host: 'localhost:3000',
          'accept-encoding': 'gzip, deflate, br',
          connection: 'keep-alive',
          'content-length': '91'
        },
        method: 'POST',
        httpVersion: '1.1',
        originalUrl: '/user/register',
        query: {}
      },
      res: { statusCode: 200 },
      responseTime: 333
    }
  }
}
{
  message: 'POST: \x1B[32m200\x1B[39m 329ms /user/register',
  level: 'info',
  timestamp: '2021-06-10T08:24:09.959Z',
  label: 'invan',
  metadata: {
    meta: {
      req: {
        url: '/user/register',
        headers: {
          'content-type': 'application/json',
          'user-agent': 'PostmanRuntime/7.28.0',
          accept: '*/*',
          'postman-token': '555799c2-4ae5-473c-9487-347c5ddee258',
          host: 'localhost:3000',
          'accept-encoding': 'gzip, deflate, br',
          connection: 'keep-alive',
          'content-length': '91'
        },
        method: 'POST',
        httpVersion: '1.1',
        originalUrl: '/user/register',
        query: {}
      },
      res: { statusCode: 200 },
      responseTime: 329
    }
  }
}
{
  message: 'POST: \x1B[32m200\x1B[39m 385ms /user/register',
  level: 'info',
  timestamp: '2021-06-10T08:25:52.809Z',
  label: 'invan',
  metadata: {
    meta: {
      req: {
        url: '/user/register',
        headers: {
          'content-type': 'application/json',
          'user-agent': 'PostmanRuntime/7.28.0',
          accept: '*/*',
          'postman-token': 'fcbe5c08-d567-4030-9582-5b29d8c6eb39',
          host: 'localhost:3000',
          'accept-encoding': 'gzip, deflate, br',
          connection: 'keep-alive',
          'content-length': '91'
        },
        method: 'POST',
        httpVersion: '1.1',
        originalUrl: '/user/register',
        query: {}
      },
      res: { statusCode: 200 },
      responseTime: 385
    }
  }
}
{
  message: 'POST: \x1B[32m200\x1B[39m 545ms /user/register',
  level: 'info',
  timestamp: '2021-06-10T08:26:26.855Z',
  label: 'invan',
  metadata: {
    meta: {
      req: {
        url: '/user/register',
        headers: {
          'content-type': 'application/json',
          'user-agent': 'PostmanRuntime/7.28.0',
          accept: '*/*',
          'postman-token': '3df3401e-76d3-4f3c-a1e9-8dc5f37c15f2',
          host: 'localhost:3000',
          'accept-encoding': 'gzip, deflate, br',
          connection: 'keep-alive',
          'content-length': '90'
        },
        method: 'POST',
        httpVersion: '1.1',
        originalUrl: '/user/register',
        query: {}
      },
      res: { statusCode: 200 },
      responseTime: 545
    }
  }
}
{
  message: 'POST: \x1B[32m200\x1B[39m 263ms /user/register',
  level: 'info',
  timestamp: '2021-06-10T08:27:48.473Z',
  label: 'invan',
  metadata: {
    meta: {
      req: {
        url: '/user/register',
        headers: {
          'content-type': 'application/json',
          'user-agent': 'PostmanRuntime/7.28.0',
          accept: '*/*',
          'postman-token': '827945ab-2db2-4e13-8073-b1573f611337',
          host: 'localhost:3000',
          'accept-encoding': 'gzip, deflate, br',
          connection: 'keep-alive',
          'content-length': '90'
        },
        method: 'POST',
        httpVersion: '1.1',
        originalUrl: '/user/register',
        query: {}
      },
      res: { statusCode: 200 },
      responseTime: 263
    }
  }
}
{
  message: 'POST: \x1B[32m200\x1B[39m 378ms /user/register',
  level: 'info',
  timestamp: '2021-06-10T08:38:45.350Z',
  label: 'invan',
  metadata: {
    meta: {
      req: {
        url: '/user/register',
        headers: {
          'content-type': 'application/json',
          'user-agent': 'PostmanRuntime/7.28.0',
          accept: '*/*',
          'postman-token': '11cccf62-3bff-4928-bcef-d2bb7005d34c',
          host: 'localhost:3000',
          'accept-encoding': 'gzip, deflate, br',
          connection: 'keep-alive',
          'content-length': '90'
        },
        method: 'POST',
        httpVersion: '1.1',
        originalUrl: '/user/register',
        query: {}
      },
      res: { statusCode: 200 },
      responseTime: 378
    }
  }
}
{
  message: 'POST: \x1B[32m200\x1B[39m 327ms /user/register',
  level: 'info',
  timestamp: '2021-06-10T08:40:36.432Z',
  label: 'invan',
  metadata: {
    meta: {
      req: {
        url: '/user/register',
        headers: {
          'content-type': 'application/json',
          'user-agent': 'PostmanRuntime/7.28.0',
          accept: '*/*',
          'postman-token': 'd36525b6-64c0-4ef3-8404-e5cb2915e18d',
          host: 'localhost:3000',
          'accept-encoding': 'gzip, deflate, br',
          connection: 'keep-alive',
          'content-length': '90'
        },
        method: 'POST',
        httpVersion: '1.1',
        originalUrl: '/user/register',
        query: {}
      },
      res: { statusCode: 200 },
      responseTime: 327
    }
  }
}
{
  message: 'POST: \x1B[32m200\x1B[39m 817ms /user/register',
  level: 'info',
  timestamp: '2021-06-16T06:54:57.717Z',
  label: 'invan',
  metadata: {
    meta: {
      req: {
        url: '/user/register',
        headers: {
          'content-type': 'application/json',
          'user-agent': 'PostmanRuntime/7.28.0',
          accept: '*/*',
          'cache-control': 'no-cache',
          'postman-token': '5a5c478b-d82a-4f7b-b520-9edb772f089e',
          host: 'localhost:3000',
          'accept-encoding': 'gzip, deflate, br',
          connection: 'keep-alive',
          'content-length': '160'
        },
        method: 'POST',
        httpVersion: '1.1',
        originalUrl: '/user/register',
        query: {}
      },
      res: { statusCode: 200 },
      responseTime: 817
    }
  }
}
{
  message: 'POST: \x1B[31m500\x1B[39m 141ms /user/register',
  level: 'info',
  timestamp: '2021-06-16T06:55:50.022Z',
  label: 'invan',
  metadata: {
    meta: {
      req: {
        url: '/user/register',
        headers: {
          'content-type': 'application/json',
          'user-agent': 'PostmanRuntime/7.28.0',
          accept: '*/*',
          'cache-control': 'no-cache',
          'postman-token': '31d9abff-6258-42ec-892e-37c05777627c',
          host: 'localhost:3000',
          'accept-encoding': 'gzip, deflate, br',
          connection: 'keep-alive',
          'content-length': '180'
        },
        method: 'POST',
        httpVersion: '1.1',
        originalUrl: '/user/register',
        query: {}
      },
      res: { statusCode: 500 },
      responseTime: 141
    }
  }
}
{
  message: 'POST: \x1B[31m500\x1B[39m 507ms /user/register',
  level: 'info',
  timestamp: '2021-06-16T06:58:06.344Z',
  label: 'invan',
  metadata: {
    meta: {
      req: {
        url: '/user/register',
        headers: {
          'content-type': 'application/json',
          'user-agent': 'PostmanRuntime/7.28.0',
          accept: '*/*',
          'cache-control': 'no-cache',
          'postman-token': '24ae53d5-108e-488a-b9c7-009ffa333f6f',
          host: 'localhost:3000',
          'accept-encoding': 'gzip, deflate, br',
          connection: 'keep-alive',
          'content-length': '160'
        },
        method: 'POST',
        httpVersion: '1.1',
        originalUrl: '/user/register',
        query: {}
      },
      res: { statusCode: 500 },
      responseTime: 507
    }
  }
}
{
  message: 'POST: \x1B[31m500\x1B[39m 330ms /user/register',
  level: 'info',
  timestamp: '2021-06-16T06:58:26.446Z',
  label: 'invan',
  metadata: {
    meta: {
      req: {
        url: '/user/register',
        headers: {
          'content-type': 'application/json',
          'user-agent': 'PostmanRuntime/7.28.0',
          accept: '*/*',
          'cache-control': 'no-cache',
          'postman-token': '6e71a466-9ca9-464d-8e19-3fe28839408c',
          host: 'localhost:3000',
          'accept-encoding': 'gzip, deflate, br',
          connection: 'keep-alive',
          'content-length': '157'
        },
        method: 'POST',
        httpVersion: '1.1',
        originalUrl: '/user/register',
        query: {}
      },
      res: { statusCode: 500 },
      responseTime: 330
    }
  }
}
{
  message: 'POST: \x1B[32m200\x1B[39m 563ms /user/register',
  level: 'info',
  timestamp: '2021-06-16T07:00:26.275Z',
  label: 'invan',
  metadata: {
    meta: {
      req: {
        url: '/user/register',
        headers: {
          'content-type': 'application/json',
          'user-agent': 'PostmanRuntime/7.28.0',
          accept: '*/*',
          'cache-control': 'no-cache',
          'postman-token': '2aea8154-3b2a-4324-a9c6-6dc24ecebc48',
          host: 'localhost:3000',
          'accept-encoding': 'gzip, deflate, br',
          connection: 'keep-alive',
          'content-length': '157'
        },
        method: 'POST',
        httpVersion: '1.1',
        originalUrl: '/user/register',
        query: {}
      },
      res: { statusCode: 200 },
      responseTime: 563
    }
  }
}
{
  message: 'POST: \x1B[32m200\x1B[39m 249ms /user/register',
  level: 'info',
  timestamp: '2021-06-16T07:02:56.548Z',
  label: 'invan',
  metadata: {
    meta: {
      req: {
        url: '/user/register',
        headers: {
          'content-type': 'application/json',
          'user-agent': 'PostmanRuntime/7.28.0',
          accept: '*/*',
          'cache-control': 'no-cache',
          'postman-token': 'eff7e654-4d49-40ca-909c-b50162f0deab',
          host: 'localhost:3000',
          'accept-encoding': 'gzip, deflate, br',
          connection: 'keep-alive',
          'content-length': '157'
        },
        method: 'POST',
        httpVersion: '1.1',
        originalUrl: '/user/register',
        query: {}
      },
      res: { statusCode: 200 },
      responseTime: 249
    }
  }
}
{
  message: 'POST: \x1B[32m200\x1B[39m 438ms /user/register',
  level: 'info',
  timestamp: '2021-06-16T07:03:26.452Z',
  label: 'invan',
  metadata: {
    meta: {
      req: {
        url: '/user/register',
        headers: {
          'content-type': 'application/json',
          'user-agent': 'PostmanRuntime/7.28.0',
          accept: '*/*',
          'cache-control': 'no-cache',
          'postman-token': '349a98ec-8913-4588-a00e-0cae1231b29d',
          host: 'localhost:3000',
          'accept-encoding': 'gzip, deflate, br',
          connection: 'keep-alive',
          'content-length': '157'
        },
        method: 'POST',
        httpVersion: '1.1',
        originalUrl: '/user/register',
        query: {}
      },
      res: { statusCode: 200 },
      responseTime: 438
    }
  }
}
{
  message: 'POST: \x1B[32m200\x1B[39m 607ms /user/register',
  level: 'info',
  timestamp: '2021-06-16T07:06:27.409Z',
  label: 'invan',
  metadata: {
    meta: {
      req: {
        url: '/user/register',
        headers: {
          'content-type': 'application/json',
          'user-agent': 'PostmanRuntime/7.28.0',
          accept: '*/*',
          'cache-control': 'no-cache',
          'postman-token': '8cb09ad6-0ac6-4c54-a1e5-8b922ceff0b1',
          host: 'localhost:3000',
          'accept-encoding': 'gzip, deflate, br',
          connection: 'keep-alive',
          'content-length': '157'
        },
        method: 'POST',
        httpVersion: '1.1',
        originalUrl: '/user/register',
        query: {}
      },
      res: { statusCode: 200 },
      responseTime: 607
    }
  }
}
{
  message: 'POST: \x1B[32m200\x1B[39m 537ms /user/register',
  level: 'info',
  timestamp: '2021-06-16T07:10:44.032Z',
  label: 'invan',
  metadata: {
    meta: {
      req: {
        url: '/user/register',
        headers: {
          'content-type': 'application/json',
          'user-agent': 'PostmanRuntime/7.28.0',
          accept: '*/*',
          'cache-control': 'no-cache',
          'postman-token': '06e0d70b-80e6-41d3-b90e-ba37852f53df',
          host: 'localhost:3000',
          'accept-encoding': 'gzip, deflate, br',
          connection: 'keep-alive',
          'content-length': '157'
        },
        method: 'POST',
        httpVersion: '1.1',
        originalUrl: '/user/register',
        query: {}
      },
      res: { statusCode: 200 },
      responseTime: 537
    }
  }
}
{
  message: 'POST: \x1B[32m200\x1B[39m 554ms /user/register',
  level: 'info',
  timestamp: '2021-06-16T07:15:52.297Z',
  label: 'invan',
  metadata: {
    meta: {
      req: {
        url: '/user/register',
        headers: {
          'content-type': 'application/json',
          'user-agent': 'PostmanRuntime/7.28.0',
          accept: '*/*',
          'cache-control': 'no-cache',
          'postman-token': '396ae475-b172-4da1-ba80-25aed69bd77b',
          host: 'localhost:3000',
          'accept-encoding': 'gzip, deflate, br',
          connection: 'keep-alive',
          'content-length': '157'
        },
        method: 'POST',
        httpVersion: '1.1',
        originalUrl: '/user/register',
        query: {}
      },
      res: { statusCode: 200 },
      responseTime: 554
    }
  }
}
{
  message: 'POST: \x1B[32m200\x1B[39m 347ms /user/register',
  level: 'info',
  timestamp: '2021-06-16T07:20:49.786Z',
  label: 'invan',
  metadata: {
    meta: {
      req: {
        url: '/user/register',
        headers: {
          'content-type': 'application/json',
          'user-agent': 'PostmanRuntime/7.28.0',
          accept: '*/*',
          'cache-control': 'no-cache',
          'postman-token': '282b9513-22fb-4cab-b904-59fa73ccfbc7',
          host: 'localhost:3000',
          'accept-encoding': 'gzip, deflate, br',
          connection: 'keep-alive',
          'content-length': '157'
        },
        method: 'POST',
        httpVersion: '1.1',
        originalUrl: '/user/register',
        query: {}
      },
      res: { statusCode: 200 },
      responseTime: 347
    }
  }
}
{
  message: 'POST: \x1B[32m200\x1B[39m 341ms /user/register',
  level: 'info',
  timestamp: '2021-06-16T07:26:51.003Z',
  label: 'invan',
  metadata: {
    meta: {
      req: {
        url: '/user/register',
        headers: {
          'content-type': 'application/json',
          'user-agent': 'PostmanRuntime/7.28.0',
          accept: '*/*',
          'cache-control': 'no-cache',
          'postman-token': 'fa8bd12b-4ce4-4252-901c-1a584bcf1fb4',
          host: 'localhost:3000',
          'accept-encoding': 'gzip, deflate, br',
          connection: 'keep-alive',
          'content-length': '157'
        },
        method: 'POST',
        httpVersion: '1.1',
        originalUrl: '/user/register',
        query: {}
      },
      res: { statusCode: 200 },
      responseTime: 341
    }
  }
}
{
  message: 'POST: \x1B[32m200\x1B[39m 510ms /user/register',
  level: 'info',
  timestamp: '2021-06-16T07:32:19.573Z',
  label: 'invan',
  metadata: {
    meta: {
      req: {
        url: '/user/register',
        headers: {
          'content-type': 'application/json',
          'user-agent': 'PostmanRuntime/7.28.0',
          accept: '*/*',
          'cache-control': 'no-cache',
          'postman-token': 'a1912dbe-7509-4160-a414-bd8b48396e1f',
          host: 'localhost:3000',
          'accept-encoding': 'gzip, deflate, br',
          connection: 'keep-alive',
          'content-length': '157'
        },
        method: 'POST',
        httpVersion: '1.1',
        originalUrl: '/user/register',
        query: {}
      },
      res: { statusCode: 200 },
      responseTime: 510
    }
  }
}
{
  message: 'POST: \x1B[32m200\x1B[39m 553ms /user/register',
  level: 'info',
  timestamp: '2021-06-16T07:35:28.927Z',
  label: 'invan',
  metadata: {
    meta: {
      req: {
        url: '/user/register',
        headers: {
          'content-type': 'application/json',
          'user-agent': 'PostmanRuntime/7.28.0',
          accept: '*/*',
          'cache-control': 'no-cache',
          'postman-token': '0ed90757-d78b-4860-942c-095bfd854739',
          host: 'localhost:3000',
          'accept-encoding': 'gzip, deflate, br',
          connection: 'keep-alive',
          'content-length': '157'
        },
        method: 'POST',
        httpVersion: '1.1',
        originalUrl: '/user/register',
        query: {}
      },
      res: { statusCode: 200 },
      responseTime: 553
    }
  }
}
{
  message: 'POST: \x1B[32m200\x1B[39m 301ms /user/register',
  level: 'info',
  timestamp: '2021-06-16T07:38:09.574Z',
  label: 'invan',
  metadata: {
    meta: {
      req: {
        url: '/user/register',
        headers: {
          'content-type': 'application/json',
          'user-agent': 'PostmanRuntime/7.28.0',
          accept: '*/*',
          'cache-control': 'no-cache',
          'postman-token': 'e1d35dc5-f080-4cda-ae18-9b1944d03598',
          host: 'localhost:3000',
          'accept-encoding': 'gzip, deflate, br',
          connection: 'keep-alive',
          'content-length': '157'
        },
        method: 'POST',
        httpVersion: '1.1',
        originalUrl: '/user/register',
        query: {}
      },
      res: { statusCode: 200 },
      responseTime: 301
    }
  }
}
{
  message: 'POST: \x1B[32m200\x1B[39m 561ms /user/register',
  level: 'info',
  timestamp: '2021-06-16T07:39:56.490Z',
  label: 'invan',
  metadata: {
    meta: {
      req: {
        url: '/user/register',
        headers: {
          'content-type': 'application/json',
          'user-agent': 'PostmanRuntime/7.28.0',
          accept: '*/*',
          'cache-control': 'no-cache',
          'postman-token': '20e2e2b4-5fa2-42c4-b8d7-eea14b1ed7a2',
          host: 'localhost:3000',
          'accept-encoding': 'gzip, deflate, br',
          connection: 'keep-alive',
          'content-length': '157'
        },
        method: 'POST',
        httpVersion: '1.1',
        originalUrl: '/user/register',
        query: {}
      },
      res: { statusCode: 200 },
      responseTime: 561
    }
  }
}
{
  message: 'POST: \x1B[32m200\x1B[39m 655ms /user/register',
  level: 'info',
  timestamp: '2021-06-16T07:41:24.821Z',
  label: 'invan',
  metadata: {
    meta: {
      req: {
        url: '/user/register',
        headers: {
          'content-type': 'application/json',
          'user-agent': 'PostmanRuntime/7.28.0',
          accept: '*/*',
          'cache-control': 'no-cache',
          'postman-token': '12437ff0-a5ac-49cc-9f57-fd19bf32591f',
          host: 'localhost:3000',
          'accept-encoding': 'gzip, deflate, br',
          connection: 'keep-alive',
          'content-length': '157'
        },
        method: 'POST',
        httpVersion: '1.1',
        originalUrl: '/user/register',
        query: {}
      },
      res: { statusCode: 200 },
      responseTime: 655
    }
  }
}
{
  message: 'POST: \x1B[32m200\x1B[39m 523ms /user/register',
  level: 'info',
  timestamp: '2021-06-16T07:43:52.312Z',
  label: 'invan',
  metadata: {
    meta: {
      req: {
        url: '/user/register',
        headers: {
          'content-type': 'application/json',
          'user-agent': 'PostmanRuntime/7.28.0',
          accept: '*/*',
          'cache-control': 'no-cache',
          'postman-token': '5e2a0b0c-48ea-48b7-922c-65399b43da3e',
          host: 'localhost:3000',
          'accept-encoding': 'gzip, deflate, br',
          connection: 'keep-alive',
          'content-length': '157'
        },
        method: 'POST',
        httpVersion: '1.1',
        originalUrl: '/user/register',
        query: {}
      },
      res: { statusCode: 200 },
      responseTime: 523
    }
  }
}
{
  message: 'POST: \x1B[32m200\x1B[39m 451ms /user/register',
  level: 'info',
  timestamp: '2021-06-16T07:46:56.900Z',
  label: 'invan',
  metadata: {
    meta: {
      req: {
        url: '/user/register',
        headers: {
          'content-type': 'application/json',
          'user-agent': 'PostmanRuntime/7.28.0',
          accept: '*/*',
          'cache-control': 'no-cache',
          'postman-token': '73b99237-9f80-466c-bc93-9731392359bd',
          host: 'localhost:3000',
          'accept-encoding': 'gzip, deflate, br',
          connection: 'keep-alive',
          'content-length': '157'
        },
        method: 'POST',
        httpVersion: '1.1',
        originalUrl: '/user/register',
        query: {}
      },
      res: { statusCode: 200 },
      responseTime: 451
    }
  }
}
{
  message: 'POST: \x1B[32m200\x1B[39m 297ms /user/register',
  level: 'info',
  timestamp: '2021-06-16T07:51:43.959Z',
  label: 'invan',
  metadata: {
    meta: {
      req: {
        url: '/user/register',
        headers: {
          'content-type': 'application/json',
          'user-agent': 'PostmanRuntime/7.28.0',
          accept: '*/*',
          'cache-control': 'no-cache',
          'postman-token': 'a43ac2cc-9155-4f90-b3e9-5d6f89a2fbbb',
          host: 'localhost:3000',
          'accept-encoding': 'gzip, deflate, br',
          connection: 'keep-alive',
          'content-length': '157'
        },
        method: 'POST',
        httpVersion: '1.1',
        originalUrl: '/user/register',
        query: {}
      },
      res: { statusCode: 200 },
      responseTime: 297
    }
  }
}
{
  message: 'POST: \x1B[32m200\x1B[39m 475ms /user/register',
  level: 'info',
  timestamp: '2021-06-16T07:53:56.585Z',
  label: 'invan',
  metadata: {
    meta: {
      req: {
        url: '/user/register',
        headers: {
          'content-type': 'application/json',
          'user-agent': 'PostmanRuntime/7.28.0',
          accept: '*/*',
          'cache-control': 'no-cache',
          'postman-token': '5040e425-653c-487f-a858-678ccbf9f103',
          host: 'localhost:3000',
          'accept-encoding': 'gzip, deflate, br',
          connection: 'keep-alive',
          'content-length': '157'
        },
        method: 'POST',
        httpVersion: '1.1',
        originalUrl: '/user/register',
        query: {}
      },
      res: { statusCode: 200 },
      responseTime: 475
    }
  }
}
{
  message: 'POST: \x1B[33m401\x1B[39m 19ms /user/register',
  level: 'info',
  timestamp: '2021-06-16T07:54:26.343Z',
  label: 'invan',
  metadata: {
    meta: {
      req: {
        url: '/user/register',
        headers: {
          'content-type': 'application/json',
          'user-agent': 'PostmanRuntime/7.28.0',
          accept: '*/*',
          'cache-control': 'no-cache',
          'postman-token': '3b09ae8e-880a-4ebd-96f7-a56e461a28d7',
          host: 'localhost:3000',
          'accept-encoding': 'gzip, deflate, br',
          connection: 'keep-alive',
          'content-length': '177'
        },
        method: 'POST',
        httpVersion: '1.1',
        originalUrl: '/user/register',
        query: {}
      },
      res: { statusCode: 401 },
      responseTime: 19
    }
  }
}
{
  message: 'POST: \x1B[31m500\x1B[39m 26ms /user/register',
  level: 'info',
  timestamp: '2021-06-16T07:54:32.265Z',
  label: 'invan',
  metadata: {
    meta: {
      req: {
        url: '/user/register',
        headers: {
          'content-type': 'application/json',
          'user-agent': 'PostmanRuntime/7.28.0',
          accept: '*/*',
          'cache-control': 'no-cache',
          'postman-token': '5b7a5d00-3742-446b-99c3-27737ddea57f',
          host: 'localhost:3000',
          'accept-encoding': 'gzip, deflate, br',
          connection: 'keep-alive',
          'content-length': '177'
        },
        method: 'POST',
        httpVersion: '1.1',
        originalUrl: '/user/register',
        query: {}
      },
      res: { statusCode: 500 },
      responseTime: 26
    }
  }
}
{
  message: 'POST: \x1B[32m200\x1B[39m 13ms /user/register',
  level: 'info',
  timestamp: '2021-06-16T07:55:02.714Z',
  label: 'invan',
  metadata: {
    meta: {
      req: {
        url: '/user/register',
        headers: {
          'content-type': 'application/json',
          'user-agent': 'PostmanRuntime/7.28.0',
          accept: '*/*',
          'cache-control': 'no-cache',
          'postman-token': '748c8bd8-a63b-4e95-ac81-13020b14e5e3',
          host: 'localhost:3000',
          'accept-encoding': 'gzip, deflate, br',
          connection: 'keep-alive',
          'content-length': '204'
        },
        method: 'POST',
        httpVersion: '1.1',
        originalUrl: '/user/register',
        query: {}
      },
      res: { statusCode: 200 },
      responseTime: 13
    }
  }
}
{
  message: 'POST: \x1B[32m200\x1B[39m 659ms /user/register',
  level: 'info',
  timestamp: '2021-06-16T10:41:01.980Z',
  label: 'invan',
  metadata: {
    meta: {
      req: {
        url: '/user/register',
        headers: {
          'content-type': 'application/json',
          'user-agent': 'PostmanRuntime/7.28.0',
          accept: '*/*',
          'cache-control': 'no-cache',
          'postman-token': 'e06821f3-3f6f-4b7e-9a8a-8535e1db90ef',
          host: 'localhost:3000',
          'accept-encoding': 'gzip, deflate, br',
          connection: 'keep-alive',
          'content-length': '184'
        },
        method: 'POST',
        httpVersion: '1.1',
        originalUrl: '/user/register',
        query: {}
      },
      res: { statusCode: 200 },
      responseTime: 659
    }
  }
}
{
  message: 'POST: \x1B[31m500\x1B[39m 28ms /user/register',
  level: 'info',
  timestamp: '2021-06-16T10:41:15.482Z',
  label: 'invan',
  metadata: {
    meta: {
      req: {
        url: '/user/register',
        headers: {
          'content-type': 'application/json',
          'user-agent': 'PostmanRuntime/7.28.0',
          accept: '*/*',
          'cache-control': 'no-cache',
          'postman-token': '4eeab1f1-64d8-4be3-a16f-733ebe40a63c',
          host: 'localhost:3000',
          'accept-encoding': 'gzip, deflate, br',
          connection: 'keep-alive',
          'content-length': '204'
        },
        method: 'POST',
        httpVersion: '1.1',
        originalUrl: '/user/register',
        query: {}
      },
      res: { statusCode: 500 },
      responseTime: 28
    }
  }
}
{
  message: 'POST: \x1B[32m200\x1B[39m 59ms /user/register',
  level: 'info',
  timestamp: '2021-06-16T10:42:33.502Z',
  label: 'invan',
  metadata: {
    meta: {
      req: {
        url: '/user/register',
        headers: {
          'content-type': 'application/json',
          'user-agent': 'PostmanRuntime/7.28.0',
          accept: '*/*',
          'cache-control': 'no-cache',
          'postman-token': '9cabd4ae-7c2c-4524-9bad-6cc5b191103c',
          host: 'localhost:3000',
          'accept-encoding': 'gzip, deflate, br',
          connection: 'keep-alive',
          'content-length': '204'
        },
        method: 'POST',
        httpVersion: '1.1',
        originalUrl: '/user/register',
        query: {}
      },
      res: { statusCode: 200 },
      responseTime: 59
    }
  }
}
{
  message: 'POST: \x1B[32m200\x1B[39m 10778ms /user/register',
  level: 'info',
  timestamp: '2021-06-16T10:55:17.295Z',
  label: 'invan',
  metadata: {
    meta: {
      req: {
        url: '/user/register',
        headers: {
          host: '192.168.1.126:3000',
          connection: 'keep-alive',
          'content-length': '116',
          'postman-token': '3c7272bf-a2b9-d3b5-4ca4-09d56ad32aaf',
          'cache-control': 'no-cache',
          'user-agent': 'Mozilla/5.0 (X11; Linux x86_64) AppleWebKit/537.36 (KHTML, like Gecko) Chrome/91.0.4472.101 Safari/537.36',
          'content-type': 'application/json',
          accept: '*/*',
          origin: 'chrome-extension://fhbjgbiflinjbdggehcddcbncdddomop',
          'accept-encoding': 'gzip, deflate',
          'accept-language': 'en-US,en;q=0.9'
        },
        method: 'POST',
        httpVersion: '1.1',
        originalUrl: '/user/register',
        query: {}
      },
      res: { statusCode: 200 },
      responseTime: 10778
    }
  }
}
{
  message: 'POST: \x1B[33m401\x1B[39m 26ms /user/register',
  level: 'info',
  timestamp: '2021-06-16T10:56:00.876Z',
  label: 'invan',
  metadata: {
    meta: {
      req: {
        url: '/user/register',
        headers: {
          host: '192.168.1.126:3000',
          connection: 'keep-alive',
          'content-length': '132',
          'postman-token': '52d55a56-6cc5-dd0c-b888-16e490c43a50',
          'cache-control': 'no-cache',
          'user-agent': 'Mozilla/5.0 (X11; Linux x86_64) AppleWebKit/537.36 (KHTML, like Gecko) Chrome/91.0.4472.101 Safari/537.36',
          'content-type': 'application/json',
          accept: '*/*',
          origin: 'chrome-extension://fhbjgbiflinjbdggehcddcbncdddomop',
          'accept-encoding': 'gzip, deflate',
          'accept-language': 'en-US,en;q=0.9'
        },
        method: 'POST',
        httpVersion: '1.1',
        originalUrl: '/user/register',
        query: {}
      },
      res: { statusCode: 401 },
      responseTime: 26
    }
  }
}
{
  message: 'POST: \x1B[33m401\x1B[39m 11ms /user/register',
  level: 'info',
  timestamp: '2021-06-16T10:56:13.154Z',
  label: 'invan',
  metadata: {
    meta: {
      req: {
        url: '/user/register',
        headers: {
          host: '192.168.1.126:3000',
          connection: 'keep-alive',
          'content-length': '132',
          'postman-token': '9aa597f3-a4f7-853b-c4f7-42319349f0c1',
          'cache-control': 'no-cache',
          'user-agent': 'Mozilla/5.0 (X11; Linux x86_64) AppleWebKit/537.36 (KHTML, like Gecko) Chrome/91.0.4472.101 Safari/537.36',
          'content-type': 'application/json',
          accept: '*/*',
          origin: 'chrome-extension://fhbjgbiflinjbdggehcddcbncdddomop',
          'accept-encoding': 'gzip, deflate',
          'accept-language': 'en-US,en;q=0.9'
        },
        method: 'POST',
        httpVersion: '1.1',
        originalUrl: '/user/register',
        query: {}
      },
      res: { statusCode: 401 },
      responseTime: 11
    }
  }
}
{
  message: 'POST: \x1B[33m401\x1B[39m 10ms /user/register',
  level: 'info',
  timestamp: '2021-06-16T10:56:15.188Z',
  label: 'invan',
  metadata: {
    meta: {
      req: {
        url: '/user/register',
        headers: {
          host: '192.168.1.126:3000',
          connection: 'keep-alive',
          'content-length': '132',
          'postman-token': 'efa1c72b-2203-4fdf-d71a-42ed8247e16e',
          'cache-control': 'no-cache',
          'user-agent': 'Mozilla/5.0 (X11; Linux x86_64) AppleWebKit/537.36 (KHTML, like Gecko) Chrome/91.0.4472.101 Safari/537.36',
          'content-type': 'application/json',
          accept: '*/*',
          origin: 'chrome-extension://fhbjgbiflinjbdggehcddcbncdddomop',
          'accept-encoding': 'gzip, deflate',
          'accept-language': 'en-US,en;q=0.9'
        },
        method: 'POST',
        httpVersion: '1.1',
        originalUrl: '/user/register',
        query: {}
      },
      res: { statusCode: 401 },
      responseTime: 10
    }
  }
}
{
  message: 'POST: \x1B[33m401\x1B[39m 13ms /user/register',
  level: 'info',
  timestamp: '2021-06-16T10:56:21.342Z',
  label: 'invan',
  metadata: {
    meta: {
      req: {
        url: '/user/register',
        headers: {
          host: '192.168.1.126:3000',
          connection: 'keep-alive',
          'content-length': '132',
          'postman-token': 'c4f15ec0-1849-8cf8-1cc7-052f5394a2b8',
          'cache-control': 'no-cache',
          'user-agent': 'Mozilla/5.0 (X11; Linux x86_64) AppleWebKit/537.36 (KHTML, like Gecko) Chrome/91.0.4472.101 Safari/537.36',
          'content-type': 'application/json',
          accept: '*/*',
          origin: 'chrome-extension://fhbjgbiflinjbdggehcddcbncdddomop',
          'accept-encoding': 'gzip, deflate',
          'accept-language': 'en-US,en;q=0.9'
        },
        method: 'POST',
        httpVersion: '1.1',
        originalUrl: '/user/register',
        query: {}
      },
      res: { statusCode: 401 },
      responseTime: 13
    }
  }
}
{
  message: 'POST: \x1B[32m200\x1B[39m 376ms /user/register',
  level: 'info',
  timestamp: '2021-06-16T10:57:10.767Z',
  label: 'invan',
  metadata: {
    meta: {
      req: {
        url: '/user/register',
        headers: {
          host: '192.168.1.126:3000',
          connection: 'keep-alive',
          'content-length': '116',
          'postman-token': '3e88d95e-4d60-1c53-8b58-0f88ce97bde3',
          'cache-control': 'no-cache',
          'user-agent': 'Mozilla/5.0 (X11; Linux x86_64) AppleWebKit/537.36 (KHTML, like Gecko) Chrome/91.0.4472.101 Safari/537.36',
          'content-type': 'application/json',
          accept: '*/*',
          origin: 'chrome-extension://fhbjgbiflinjbdggehcddcbncdddomop',
          'accept-encoding': 'gzip, deflate',
          'accept-language': 'en-US,en;q=0.9'
        },
        method: 'POST',
        httpVersion: '1.1',
        originalUrl: '/user/register',
        query: {}
      },
      res: { statusCode: 200 },
      responseTime: 376
    }
  }
}
{
  message: 'POST: \x1B[33m404\x1B[39m 20ms /user/register',
  level: 'info',
  timestamp: '2021-06-16T11:02:07.087Z',
  label: 'invan',
  metadata: {
    meta: {
      req: {
        url: '/user/register',
        headers: {
          host: '192.168.1.126:3000',
          connection: 'keep-alive',
          'content-length': '132',
          'postman-token': '34207aea-8169-847a-d93f-77e54241b026',
          'cache-control': 'no-cache',
          'user-agent': 'Mozilla/5.0 (X11; Linux x86_64) AppleWebKit/537.36 (KHTML, like Gecko) Chrome/91.0.4472.101 Safari/537.36',
          'content-type': 'application/json',
          accept: '*/*',
          origin: 'chrome-extension://fhbjgbiflinjbdggehcddcbncdddomop',
          'accept-encoding': 'gzip, deflate',
          'accept-language': 'en-US,en;q=0.9'
        },
        method: 'POST',
        httpVersion: '1.1',
        originalUrl: '/user/register',
        query: {}
      },
      res: { statusCode: 404 },
      responseTime: 20
    }
  }
}
{
  message: 'POST: \x1B[32m200\x1B[39m 526ms /user/register',
  level: 'info',
  timestamp: '2021-06-16T11:02:19.649Z',
  label: 'invan',
  metadata: {
    meta: {
      req: {
        url: '/user/register',
        headers: {
          host: '192.168.1.126:3000',
          connection: 'keep-alive',
          'content-length': '116',
          'postman-token': '19ab0dd8-15b1-8864-79e0-9ec7cfdcabba',
          'cache-control': 'no-cache',
          'user-agent': 'Mozilla/5.0 (X11; Linux x86_64) AppleWebKit/537.36 (KHTML, like Gecko) Chrome/91.0.4472.101 Safari/537.36',
          'content-type': 'application/json',
          accept: '*/*',
          origin: 'chrome-extension://fhbjgbiflinjbdggehcddcbncdddomop',
          'accept-encoding': 'gzip, deflate',
          'accept-language': 'en-US,en;q=0.9'
        },
        method: 'POST',
        httpVersion: '1.1',
        originalUrl: '/user/register',
        query: {}
      },
      res: { statusCode: 200 },
      responseTime: 526
    }
  }
}
{
  message: 'POST: \x1B[33m404\x1B[39m 15ms /user/register',
  level: 'info',
  timestamp: '2021-06-16T11:07:31.268Z',
  label: 'invan',
  metadata: {
    meta: {
      req: {
        url: '/user/register',
        headers: {
          host: '192.168.1.126:3000',
          connection: 'keep-alive',
          'content-length': '130',
          'postman-token': '6ffdbff2-f6a5-ed18-697b-cc084b078e89',
          'cache-control': 'no-cache',
          'user-agent': 'Mozilla/5.0 (X11; Linux x86_64) AppleWebKit/537.36 (KHTML, like Gecko) Chrome/91.0.4472.101 Safari/537.36',
          'content-type': 'application/json',
          accept: '*/*',
          origin: 'chrome-extension://fhbjgbiflinjbdggehcddcbncdddomop',
          'accept-encoding': 'gzip, deflate',
          'accept-language': 'en-US,en;q=0.9'
        },
        method: 'POST',
        httpVersion: '1.1',
        originalUrl: '/user/register',
        query: {}
      },
      res: { statusCode: 404 },
      responseTime: 15
    }
  }
}
{
  message: 'POST: \x1B[33m401\x1B[39m 10ms /user/register',
  level: 'info',
  timestamp: '2021-06-16T11:08:18.357Z',
  label: 'invan',
  metadata: {
    meta: {
      req: {
        url: '/user/register',
        headers: {
          host: '192.168.1.126:3000',
          connection: 'keep-alive',
          'content-length': '116',
          'postman-token': '33d24ac5-99d7-c771-94ff-d6b065a79a48',
          'cache-control': 'no-cache',
          'user-agent': 'Mozilla/5.0 (X11; Linux x86_64) AppleWebKit/537.36 (KHTML, like Gecko) Chrome/91.0.4472.101 Safari/537.36',
          'content-type': 'application/json',
          accept: '*/*',
          origin: 'chrome-extension://fhbjgbiflinjbdggehcddcbncdddomop',
          'accept-encoding': 'gzip, deflate',
          'accept-language': 'en-US,en;q=0.9'
        },
        method: 'POST',
        httpVersion: '1.1',
        originalUrl: '/user/register',
        query: {}
      },
      res: { statusCode: 401 },
      responseTime: 10
    }
  }
}
{
  message: 'POST: \x1B[32m200\x1B[39m 296ms /user/register',
  level: 'info',
  timestamp: '2021-06-16T11:08:59.471Z',
  label: 'invan',
  metadata: {
    meta: {
      req: {
        url: '/user/register',
        headers: {
          host: '192.168.1.126:3000',
          connection: 'keep-alive',
          'content-length': '111',
          accept: 'application/json, text/plain, */*',
          'user-agent': 'Mozilla/5.0 (Windows NT 10.0; Win64; x64) AppleWebKit/537.36 (KHTML, like Gecko) Chrome/91.0.4472.106 Safari/537.36',
          'content-type': 'application/json;charset=UTF-8',
          origin: 'http://localhost:3000',
          referer: 'http://localhost:3000/',
          'accept-encoding': 'gzip, deflate',
          'accept-language': 'uz-UZ,uz;q=0.9,ru-RU;q=0.8,ru;q=0.7,en-US;q=0.6,en;q=0.5'
        },
        method: 'POST',
        httpVersion: '1.1',
        originalUrl: '/user/register',
        query: {}
      },
      res: { statusCode: 200 },
      responseTime: 296
    }
  }
}
